Determining if the pthread_create exist failed with the following output:
Change Dir: /home/rishabh/catkin_ws/build/dron_basic/CMakeFiles/CMakeTmp

Run Build Command:"/usr/bin/make" "cmTC_c03de/fast"
/usr/bin/make -f CMakeFiles/cmTC_c03de.dir/build.make CMakeFiles/cmTC_c03de.dir/build
make[1]: Entering directory '/home/rishabh/catkin_ws/build/dron_basic/CMakeFiles/CMakeTmp'
Building C object CMakeFiles/cmTC_c03de.dir/CheckSymbolExists.c.o
/usr/bin/cc    -o CMakeFiles/cmTC_c03de.dir/CheckSymbolExists.c.o   -c /home/rishabh/catkin_ws/build/dron_basic/CMakeFiles/CMakeTmp/CheckSymbolExists.c
Linking C executable cmTC_c03de
/usr/bin/cmake -E cmake_link_script CMakeFiles/cmTC_c03de.dir/link.txt --verbose=1
/usr/bin/cc      -rdynamic CMakeFiles/cmTC_c03de.dir/CheckSymbolExists.c.o  -o cmTC_c03de 
CMakeFiles/cmTC_c03de.dir/CheckSymbolExists.c.o: In function `main':
CheckSymbolExists.c:(.text+0x1b): undefined reference to `pthread_create'
collect2: error: ld returned 1 exit status
CMakeFiles/cmTC_c03de.dir/build.make:97: recipe for target 'cmTC_c03de' failed
make[1]: *** [cmTC_c03de] Error 1
make[1]: Leaving directory '/home/rishabh/catkin_ws/build/dron_basic/CMakeFiles/CMakeTmp'
Makefile:126: recipe for target 'cmTC_c03de/fast' failed
make: *** [cmTC_c03de/fast] Error 2

File /home/rishabh/catkin_ws/build/dron_basic/CMakeFiles/CMakeTmp/CheckSymbolExists.c:
/* */
#include <pthread.h>

int main(int argc, char** argv)
{
  (void)argv;
#ifndef pthread_create
  return ((int*)(&pthread_create))[argc];
#else
  (void)argc;
  return 0;
#endif
}

Determining if the function pthread_create exists in the pthreads failed with the following output:
Change Dir: /home/rishabh/catkin_ws/build/dron_basic/CMakeFiles/CMakeTmp

Run Build Command:"/usr/bin/make" "cmTC_8f528/fast"
/usr/bin/make -f CMakeFiles/cmTC_8f528.dir/build.make CMakeFiles/cmTC_8f528.dir/build
make[1]: Entering directory '/home/rishabh/catkin_ws/build/dron_basic/CMakeFiles/CMakeTmp'
Building C object CMakeFiles/cmTC_8f528.dir/CheckFunctionExists.c.o
/usr/bin/cc   -DCHECK_FUNCTION_EXISTS=pthread_create   -o CMakeFiles/cmTC_8f528.dir/CheckFunctionExists.c.o   -c /usr/share/cmake-3.10/Modules/CheckFunctionExists.c
Linking C executable cmTC_8f528
/usr/bin/cmake -E cmake_link_script CMakeFiles/cmTC_8f528.dir/link.txt --verbose=1
/usr/bin/cc  -DCHECK_FUNCTION_EXISTS=pthread_create    -rdynamic CMakeFiles/cmTC_8f528.dir/CheckFunctionExists.c.o  -o cmTC_8f528 -lpthreads 
/usr/bin/ld: cannot find -lpthreads
collect2: error: ld returned 1 exit status
CMakeFiles/cmTC_8f528.dir/build.make:97: recipe for target 'cmTC_8f528' failed
make[1]: *** [cmTC_8f528] Error 1
make[1]: Leaving directory '/home/rishabh/catkin_ws/build/dron_basic/CMakeFiles/CMakeTmp'
Makefile:126: recipe for target 'cmTC_8f528/fast' failed
make: *** [cmTC_8f528/fast] Error 2


