Not searching for unused variables given on the command line.
[36m--[0m Using CATKIN_DEVEL_PREFIX: /home/rishabh/catkin_ws/devel/.private/gps_vio
[36m--[0m Using CMAKE_PREFIX_PATH: /home/rishabh/catkin_ws/devel;/opt/ros/melodic
[36m--[0m This workspace overlays: /home/rishabh/catkin_ws/devel;/opt/ros/melodic
[36m--[0m Found PythonInterp: /usr/bin/python2 (found suitable version "2.7.17", minimum required is "2")
[36m--[0m Using PYTHON_EXECUTABLE: /usr/bin/python2
[36m--[0m Using Debian Python package layout
[36m--[0m Using empy: /usr/bin/empy
[36m--[0m Using CATKIN_ENABLE_TESTING: ON
[36m--[0m Call enable_testing()
[36m--[0m Using CATKIN_TEST_RESULTS_DIR: /home/rishabh/catkin_ws/build/gps_vio/test_results
[36m--[0m Found gtest sources under '/usr/src/googletest': gtests will be built
[36m--[0m Found gmock sources under '/usr/src/googletest': gmock will be built
[36m--[0m Found PythonInterp: /usr/bin/python2 (found version "2.7.17")
[36m--[0m Using Python nosetests: /usr/bin/nosetests-2.7
[36m--[0m catkin 0.7.29
[36m--[0m BUILD_SHARED_LIBS is on
[36m--[0m Using these message generators: gencpp;geneus;genlisp;gennodejs;genpy
[36m--[0m Boost version: 1.65.1
[36m--[0m Found the following Boost libraries:
[36m--[0m   serialization
[36m--[0m   system
[36m--[0m   filesystem
[36m--[0m   thread
[36m--[0m   program_options
[36m--[0m   date_time
[36m--[0m   timer
[36m--[0m   chrono
[36m--[0m   regex
[36m--[0m   atomic
[36m--[0m GTSAM include directory:  /usr/lib/cmake/GTSAM/../../../include
[36m--[0m Marking SHARED_LIBRARY "gps_vio_lib" of package "gps_vio" for installation
[36m--[0m Marking EXECUTABLE "GPSVIO_ros_node" of package "gps_vio" for installation
[36m--[0m Marking HEADER FILES in "include" folder of package "gps_vio" for installation
[36m--[0m Marking SHARED CONTENT FOLDER "launch" of package "gps_vio" for installation
[36m--[0m Configuring done
[36m--[0m Generating done
[36m--[0m Build files have been written to: /home/rishabh/catkin_ws/build/gps_vio
