Determining if the pthread_create exist failed with the following output:
Change Dir: /home/rishabh/catkin_ws/build/geometric_controller/CMakeFiles/CMakeTmp

Run Build Command:"/usr/bin/make" "cmTC_7ed46/fast"
/usr/bin/make -f CMakeFiles/cmTC_7ed46.dir/build.make CMakeFiles/cmTC_7ed46.dir/build
make[1]: Entering directory '/home/rishabh/catkin_ws/build/geometric_controller/CMakeFiles/CMakeTmp'
Building C object CMakeFiles/cmTC_7ed46.dir/CheckSymbolExists.c.o
/usr/bin/cc    -o CMakeFiles/cmTC_7ed46.dir/CheckSymbolExists.c.o   -c /home/rishabh/catkin_ws/build/geometric_controller/CMakeFiles/CMakeTmp/CheckSymbolExists.c
Linking C executable cmTC_7ed46
/usr/bin/cmake -E cmake_link_script CMakeFiles/cmTC_7ed46.dir/link.txt --verbose=1
/usr/bin/cc      -rdynamic CMakeFiles/cmTC_7ed46.dir/CheckSymbolExists.c.o  -o cmTC_7ed46 
CMakeFiles/cmTC_7ed46.dir/CheckSymbolExists.c.o: In function `main':
CheckSymbolExists.c:(.text+0x1b): undefined reference to `pthread_create'
collect2: error: ld returned 1 exit status
CMakeFiles/cmTC_7ed46.dir/build.make:97: recipe for target 'cmTC_7ed46' failed
make[1]: *** [cmTC_7ed46] Error 1
make[1]: Leaving directory '/home/rishabh/catkin_ws/build/geometric_controller/CMakeFiles/CMakeTmp'
Makefile:126: recipe for target 'cmTC_7ed46/fast' failed
make: *** [cmTC_7ed46/fast] Error 2

File /home/rishabh/catkin_ws/build/geometric_controller/CMakeFiles/CMakeTmp/CheckSymbolExists.c:
/* */
#include <pthread.h>

int main(int argc, char** argv)
{
  (void)argv;
#ifndef pthread_create
  return ((int*)(&pthread_create))[argc];
#else
  (void)argc;
  return 0;
#endif
}

Determining if the function pthread_create exists in the pthreads failed with the following output:
Change Dir: /home/rishabh/catkin_ws/build/geometric_controller/CMakeFiles/CMakeTmp

Run Build Command:"/usr/bin/make" "cmTC_ccaba/fast"
/usr/bin/make -f CMakeFiles/cmTC_ccaba.dir/build.make CMakeFiles/cmTC_ccaba.dir/build
make[1]: Entering directory '/home/rishabh/catkin_ws/build/geometric_controller/CMakeFiles/CMakeTmp'
Building C object CMakeFiles/cmTC_ccaba.dir/CheckFunctionExists.c.o
/usr/bin/cc   -DCHECK_FUNCTION_EXISTS=pthread_create   -o CMakeFiles/cmTC_ccaba.dir/CheckFunctionExists.c.o   -c /usr/share/cmake-3.10/Modules/CheckFunctionExists.c
Linking C executable cmTC_ccaba
/usr/bin/cmake -E cmake_link_script CMakeFiles/cmTC_ccaba.dir/link.txt --verbose=1
/usr/bin/cc  -DCHECK_FUNCTION_EXISTS=pthread_create    -rdynamic CMakeFiles/cmTC_ccaba.dir/CheckFunctionExists.c.o  -o cmTC_ccaba -lpthreads 
/usr/bin/ld: cannot find -lpthreads
collect2: error: ld returned 1 exit status
CMakeFiles/cmTC_ccaba.dir/build.make:97: recipe for target 'cmTC_ccaba' failed
make[1]: *** [cmTC_ccaba] Error 1
make[1]: Leaving directory '/home/rishabh/catkin_ws/build/geometric_controller/CMakeFiles/CMakeTmp'
Makefile:126: recipe for target 'cmTC_ccaba/fast' failed
make: *** [cmTC_ccaba/fast] Error 2


