[  0%] Built target tf2_msgs_generate_messages_cpp
[ 63%] Built target mav_msgs
[ 63%] Built target rotors_comm_generate_messages_py
[ 63%] Built target rotors_comm_generate_messages_lisp
[ 63%] Built target rotors_comm_generate_messages_cpp
[ 63%] Built target topic_tools_generate_messages_nodejs
[ 63%] Built target topic_tools_generate_messages_lisp
[ 63%] Built target topic_tools_generate_messages_eus
[ 63%] Built target rotors_comm_generate_messages_eus
[ 63%] Built target topic_tools_generate_messages_cpp
[ 63%] Built target octomap_msgs_generate_messages_eus
[ 63%] Built target octomap_msgs_generate_messages_cpp
[ 63%] Built target mav_msgs_generate_messages_py
[ 63%] Built target mav_msgs_generate_messages_nodejs
[ 63%] Built target mav_msgs_generate_messages_eus
[ 63%] Built target dynamic_reconfigure_generate_messages_py
[ 63%] Built target dynamic_reconfigure_generate_messages_nodejs
[ 63%] Built target dynamic_reconfigure_generate_messages_eus
[ 63%] Built target tf2_msgs_generate_messages_nodejs
[ 63%] Built target std_srvs_generate_messages_py
[ 63%] Built target std_srvs_generate_messages_cpp
[ 63%] Built target geometry_msgs_generate_messages_py
[ 63%] Built target geometry_msgs_generate_messages_lisp
[ 63%] Built target geometry_msgs_generate_messages_eus
[ 63%] Built target sensor_msgs_generate_messages_nodejs
[ 63%] Built target roscpp_generate_messages_cpp
[ 63%] Built target actionlib_generate_messages_cpp
[ 63%] Built target trajectory_msgs_generate_messages_eus
[ 63%] Built target roscpp_generate_messages_py
[ 63%] Built target trajectory_msgs_generate_messages_cpp
[ 63%] Built target gazebo_plugins_gencfg
[ 63%] Built target dynamic_reconfigure_generate_messages_cpp
[ 63%] Built target tf_generate_messages_py
[ 63%] Built target std_msgs_generate_messages_cpp
[ 63%] Built target sensor_msgs_generate_messages_py
[ 63%] Built target nodelet_generate_messages_py
[ 63%] Built target topic_tools_generate_messages_py
[ 63%] Built target actionlib_msgs_generate_messages_nodejs
[ 63%] Built target nav_msgs_generate_messages_nodejs
[ 63%] Built target geometry_msgs_generate_messages_nodejs
[ 63%] Built target trajectory_msgs_generate_messages_py
[ 63%] Built target std_msgs_generate_messages_eus
[ 63%] Built target gazebo_msgs_generate_messages_py
[ 63%] Built target gazebo_msgs_generate_messages_eus
[ 63%] Built target sensor_msgs_generate_messages_lisp
[ 63%] Built target nav_msgs_generate_messages_cpp
[ 63%] Built target rotors_comm_generate_messages_nodejs
[ 63%] Built target octomap_msgs_generate_messages_nodejs
[ 63%] Built target std_srvs_generate_messages_nodejs
[ 63%] Built target nodelet_generate_messages_cpp
[ 63%] Built target geometry_msgs_generate_messages_cpp
[ 63%] Built target bond_generate_messages_py
[ 63%] Built target actionlib_generate_messages_lisp
[ 63%] Built target dynamic_reconfigure_generate_messages_lisp
[ 63%] Built target gazebo_msgs_generate_messages_cpp
[ 63%] Built target std_msgs_generate_messages_nodejs
[ 63%] Built target bond_generate_messages_lisp
[ 63%] Built target sensor_msgs_generate_messages_eus
[ 63%] Built target sensor_msgs_generate_messages_cpp
[ 63%] Built target roscpp_generate_messages_nodejs
[ 63%] Built target std_msgs_generate_messages_lisp
[ 63%] Built target gazebo_msgs_generate_messages_lisp
[ 63%] Built target octomap_msgs_generate_messages_lisp
[ 63%] Built target std_srvs_generate_messages_eus
[ 63%] Built target roscpp_generate_messages_lisp
[ 63%] Built target bond_generate_messages_eus
[ 63%] Built target _catkin_empty_exported_target
[ 63%] Built target std_srvs_generate_messages_lisp
[ 63%] Built target std_msgs_generate_messages_py
[ 63%] Built target rosgraph_msgs_generate_messages_cpp
[ 63%] Built target gazebo_msgs_generate_messages_nodejs
[ 63%] Built target rosgraph_msgs_generate_messages_eus
[ 63%] Built target rosgraph_msgs_generate_messages_lisp
[ 63%] Built target rosgraph_msgs_generate_messages_nodejs
[ 63%] Built target nodelet_generate_messages_eus
[ 63%] Built target nodelet_generate_messages_lisp
[ 63%] Built target roscpp_generate_messages_eus
[ 63%] Built target rosgraph_msgs_generate_messages_py
[ 63%] Built target actionlib_msgs_generate_messages_eus
[ 63%] Built target nodelet_generate_messages_nodejs
[ 63%] Built target trajectory_msgs_generate_messages_lisp
[ 63%] Built target bond_generate_messages_cpp
[ 63%] Built target actionlib_msgs_generate_messages_cpp
[ 63%] Built target tf_generate_messages_eus
[ 63%] Built target trajectory_msgs_generate_messages_nodejs
[ 63%] Built target bond_generate_messages_nodejs
[ 63%] Built target tf2_msgs_generate_messages_eus
[ 63%] Built target nav_msgs_generate_messages_eus
[ 63%] Built target nav_msgs_generate_messages_lisp
[ 63%] Built target dynamic_reconfigure_gencfg
[ 63%] Built target tf2_msgs_generate_messages_lisp
[ 63%] Built target nav_msgs_generate_messages_py
[ 63%] Built target mav_msgs_generate_messages_cpp
[ 63%] Built target actionlib_msgs_generate_messages_lisp
[ 63%] Built target actionlib_msgs_generate_messages_py
[ 63%] Built target mav_msgs_generate_messages_lisp
[ 63%] Built target tf_generate_messages_lisp
[ 63%] Built target octomap_msgs_generate_messages_py
[ 63%] Built target tf_generate_messages_nodejs
[ 63%] Built target actionlib_generate_messages_eus
[ 63%] Built target tf_generate_messages_cpp
[ 63%] Built target actionlib_generate_messages_nodejs
[ 63%] Built target tf2_msgs_generate_messages_py
[ 63%] Built target actionlib_generate_messages_py
[ 63%] Built target mavros_msgs_generate_messages_py
[ 63%] Built target mavros_msgs_generate_messages_nodejs
[ 63%] Built target mavros_msgs_generate_messages_cpp
[ 63%] Built target mavros_msgs_generate_messages_eus
[ 63%] Built target uuid_msgs_generate_messages_nodejs
[ 63%] Built target uuid_msgs_generate_messages_lisp
[ 63%] Built target uuid_msgs_generate_messages_eus
[ 63%] Built target uuid_msgs_generate_messages_cpp
[ 63%] Built target geographic_msgs_generate_messages_lisp
[ 63%] Built target geographic_msgs_generate_messages_eus
[ 63%] Built target geographic_msgs_generate_messages_cpp
[ 63%] Built target diagnostic_msgs_generate_messages_nodejs
[ 63%] Built target diagnostic_msgs_generate_messages_lisp
[ 63%] Built target diagnostic_msgs_generate_messages_eus
[ 63%] Built target geographic_msgs_generate_messages_nodejs
[ 63%] Built target geographic_msgs_generate_messages_py
[ 63%] Built target uuid_msgs_generate_messages_py
[ 63%] Built target mavros_msgs_generate_messages_lisp
[ 63%] Built target diagnostic_msgs_generate_messages_py
[ 63%] Built target diagnostic_msgs_generate_messages_cpp
[ 65%] Built target rotors_gazebo_lidar_plugin
[ 68%] Built target rotors_gazebo_noisydepth_plugin
[ 71%] Built target rotors_gazebo_ros_interface_plugin
[ 73%] Built target rotors_gazebo_imu_plugin
[ 74%] Built target rotors_gazebo_fw_dynamics_plugin
[ 76%] Built target rotors_gazebo_gps_plugin
[ 78%] Built target rotors_gazebo_controller_interface
[ 81%] Built target rotors_gazebo_magnetometer_plugin
[ 83%] Built target rotors_gazebo_bag_plugin
[ 87%] Built target rotors_gazebo_multirotor_base_plugin
[ 87%] Built target gazebo_geotagged_images_plugin
[ 90%] Built target rotors_gazebo_pressure_plugin
[ 91%] Built target LiftDragPlugin
[ 92%] Built target rotors_gazebo_motor_model
[ 94%] Built target rotors_gazebo_wind_plugin
[ 96%] Built target rotors_gazebo_odometry_plugin
[100%] Built target rotors_gazebo_mavlink_interface
