[  0%] Built target tf2_msgs_generate_messages_cpp
[ 63%] Built target mav_msgs
[ 63%] Built target rotors_comm_generate_messages_py
[ 63%] Built target rotors_comm_generate_messages_lisp
[ 63%] Built target rotors_comm_generate_messages_cpp
[ 63%] Built target topic_tools_generate_messages_nodejs
[ 63%] Built target topic_tools_generate_messages_lisp
[ 63%] Built target topic_tools_generate_messages_eus
[ 63%] Built target rotors_comm_generate_messages_eus
[ 63%] Built target topic_tools_generate_messages_cpp
[ 63%] Built target octomap_msgs_generate_messages_eus
[ 63%] Built target octomap_msgs_generate_messages_cpp
[ 63%] Built target mav_msgs_generate_messages_py
[ 63%] Built target mav_msgs_generate_messages_nodejs
[ 63%] Built target mav_msgs_generate_messages_eus
[ 63%] Built target dynamic_reconfigure_generate_messages_py
[ 63%] Built target dynamic_reconfigure_generate_messages_nodejs
[ 63%] Built target dynamic_reconfigure_generate_messages_eus
[ 63%] Built target tf2_msgs_generate_messages_nodejs
[ 63%] Built target std_srvs_generate_messages_py
[ 63%] Built target std_srvs_generate_messages_cpp
[ 63%] Built target geometry_msgs_generate_messages_py
[ 63%] Built target geometry_msgs_generate_messages_lisp
[ 63%] Built target geometry_msgs_generate_messages_eus
[ 63%] Built target sensor_msgs_generate_messages_nodejs
[ 63%] Built target roscpp_generate_messages_cpp
[ 63%] Built target actionlib_generate_messages_cpp
[ 63%] Built target trajectory_msgs_generate_messages_eus
[ 63%] Built target roscpp_generate_messages_py
[ 63%] Built target trajectory_msgs_generate_messages_cpp
[ 63%] Built target gazebo_plugins_gencfg
[ 63%] Built target dynamic_reconfigure_generate_messages_cpp
[ 63%] Built target tf_generate_messages_py
[ 63%] Built target std_msgs_generate_messages_cpp
[ 63%] Built target sensor_msgs_generate_messages_py
[ 63%] Built target nodelet_generate_messages_py
[ 63%] Built target topic_tools_generate_messages_py
[ 63%] Built target actionlib_msgs_generate_messages_nodejs
[ 63%] Built target nav_msgs_generate_messages_nodejs
[ 63%] Built target geometry_msgs_generate_messages_nodejs
[ 63%] Built target trajectory_msgs_generate_messages_py
[ 63%] Built target std_msgs_generate_messages_eus
[ 63%] Built target gazebo_msgs_generate_messages_py
[ 63%] Built target gazebo_msgs_generate_messages_eus
[ 63%] Built target sensor_msgs_generate_messages_lisp
[ 63%] Built target nav_msgs_generate_messages_cpp
[ 63%] Built target rotors_comm_generate_messages_nodejs
[ 63%] Built target octomap_msgs_generate_messages_nodejs
[ 63%] Built target std_srvs_generate_messages_nodejs
[ 63%] Built target nodelet_generate_messages_cpp
[ 63%] Built target bond_generate_messages_py
[ 63%] Built target geometry_msgs_generate_messages_cpp
[ 63%] Built target actionlib_generate_messages_lisp
[ 63%] Built target dynamic_reconfigure_generate_messages_lisp
[ 63%] Built target gazebo_msgs_generate_messages_cpp
[ 63%] Built target std_msgs_generate_messages_nodejs
[ 63%] Built target bond_generate_messages_lisp
[ 63%] Built target sensor_msgs_generate_messages_eus
[ 63%] Built target sensor_msgs_generate_messages_cpp
[ 63%] Built target roscpp_generate_messages_nodejs
[ 63%] Built target std_msgs_generate_messages_lisp
[ 63%] Built target gazebo_msgs_generate_messages_lisp
[ 63%] Built target octomap_msgs_generate_messages_lisp
[ 63%] Built target std_srvs_generate_messages_eus
[ 63%] Built target roscpp_generate_messages_lisp
[ 63%] Built target bond_generate_messages_eus
[ 63%] Built target _catkin_empty_exported_target
[ 63%] Built target std_srvs_generate_messages_lisp
[ 63%] Built target std_msgs_generate_messages_py
[ 63%] Built target rosgraph_msgs_generate_messages_cpp
[ 63%] Built target gazebo_msgs_generate_messages_nodejs
[ 63%] Built target rosgraph_msgs_generate_messages_eus
[ 63%] Built target rosgraph_msgs_generate_messages_lisp
[ 63%] Built target rosgraph_msgs_generate_messages_nodejs
[ 63%] Built target nodelet_generate_messages_eus
[ 63%] Built target nodelet_generate_messages_lisp
[ 63%] Built target roscpp_generate_messages_eus
[ 63%] Built target rosgraph_msgs_generate_messages_py
[ 63%] Built target actionlib_msgs_generate_messages_eus
[ 63%] Built target nodelet_generate_messages_nodejs
[ 63%] Built target trajectory_msgs_generate_messages_lisp
[ 63%] Built target bond_generate_messages_cpp
[ 63%] Built target actionlib_msgs_generate_messages_cpp
[ 63%] Built target tf_generate_messages_eus
[ 63%] Built target trajectory_msgs_generate_messages_nodejs
[ 63%] Built target bond_generate_messages_nodejs
[ 63%] Built target tf2_msgs_generate_messages_eus
[ 63%] Built target nav_msgs_generate_messages_eus
[ 63%] Built target nav_msgs_generate_messages_lisp
[ 63%] Built target dynamic_reconfigure_gencfg
[ 63%] Built target tf2_msgs_generate_messages_lisp
[ 63%] Built target nav_msgs_generate_messages_py
[ 63%] Built target mav_msgs_generate_messages_cpp
[ 63%] Built target actionlib_msgs_generate_messages_lisp
[ 63%] Built target actionlib_msgs_generate_messages_py
[ 63%] Built target mav_msgs_generate_messages_lisp
[ 63%] Built target tf_generate_messages_lisp
[ 63%] Built target octomap_msgs_generate_messages_py
[ 63%] Built target tf_generate_messages_nodejs
[ 63%] Built target actionlib_generate_messages_eus
[ 63%] Built target tf_generate_messages_cpp
[ 63%] Built target actionlib_generate_messages_nodejs
[ 63%] Built target tf2_msgs_generate_messages_py
[ 63%] Built target actionlib_generate_messages_py
[ 63%] Built target mavros_msgs_generate_messages_py
[ 63%] Built target mavros_msgs_generate_messages_nodejs
[ 63%] Built target mavros_msgs_generate_messages_eus
[ 63%] Built target mavros_msgs_generate_messages_cpp
[ 63%] Built target uuid_msgs_generate_messages_nodejs
[ 63%] Built target uuid_msgs_generate_messages_lisp
[ 63%] Built target uuid_msgs_generate_messages_eus
[ 63%] Built target uuid_msgs_generate_messages_cpp
[ 63%] Built target geographic_msgs_generate_messages_lisp
[ 63%] Built target geographic_msgs_generate_messages_eus
[ 63%] Built target geographic_msgs_generate_messages_cpp
[ 63%] Built target diagnostic_msgs_generate_messages_nodejs
[ 63%] Built target diagnostic_msgs_generate_messages_lisp
[ 63%] Built target diagnostic_msgs_generate_messages_eus
[ 63%] Built target geographic_msgs_generate_messages_nodejs
[ 63%] Built target geographic_msgs_generate_messages_py
[ 63%] Built target uuid_msgs_generate_messages_py
[ 63%] Built target mavros_msgs_generate_messages_lisp
[ 63%] Built target diagnostic_msgs_generate_messages_py
[ 63%] Built target diagnostic_msgs_generate_messages_cpp
[ 64%] [32m[1mLinking CXX shared library /home/rishabh/catkin_ws/devel/.private/rotors_gazebo_plugins/lib/librotors_gazebo_lidar_plugin.so[0m
[ 65%] Built target rotors_gazebo_lidar_plugin
[35m[1mScanning dependencies of target rotors_gazebo_noisydepth_plugin[0m
[35m[1mScanning dependencies of target rotors_gazebo_ros_interface_plugin[0m
[ 66%] [32mBuilding CXX object CMakeFiles/rotors_gazebo_noisydepth_plugin.dir/src/gazebo_noisydepth_plugin.cpp.o[0m
[ 67%] [32mBuilding CXX object CMakeFiles/rotors_gazebo_ros_interface_plugin.dir/src/gazebo_ros_interface_plugin.cpp.o[0m
[ 68%] [32m[1mLinking CXX shared library /home/rishabh/catkin_ws/devel/.private/rotors_gazebo_plugins/lib/librotors_gazebo_ros_interface_plugin.so[0m
[ 68%] Built target rotors_gazebo_ros_interface_plugin
[ 70%] [32m[1mLinking CXX shared library /home/rishabh/catkin_ws/devel/.private/rotors_gazebo_plugins/lib/librotors_gazebo_imu_plugin.so[0m
[ 71%] [32m[1mLinking CXX shared library /home/rishabh/catkin_ws/devel/.private/rotors_gazebo_plugins/lib/librotors_gazebo_noisydepth_plugin.so[0m
[ 72%] Built target rotors_gazebo_imu_plugin
[ 72%] [32m[1mLinking CXX shared library /home/rishabh/catkin_ws/devel/.private/rotors_gazebo_plugins/lib/librotors_gazebo_fw_dynamics_plugin.so[0m
[ 73%] Built target rotors_gazebo_noisydepth_plugin
[ 74%] [32m[1mLinking CXX shared library /home/rishabh/catkin_ws/devel/.private/rotors_gazebo_plugins/lib/librotors_gazebo_gps_plugin.so[0m
[ 75%] Built target rotors_gazebo_fw_dynamics_plugin
[ 76%] [32m[1mLinking CXX shared library /home/rishabh/catkin_ws/devel/.private/rotors_gazebo_plugins/lib/librotors_gazebo_controller_interface.so[0m
[ 77%] Built target rotors_gazebo_gps_plugin
[ 78%] [32m[1mLinking CXX shared library /home/rishabh/catkin_ws/devel/.private/rotors_gazebo_plugins/lib/librotors_gazebo_magnetometer_plugin.so[0m
[ 80%] Built target rotors_gazebo_controller_interface
[35m[1mScanning dependencies of target rotors_gazebo_bag_plugin[0m
[ 81%] [32mBuilding CXX object CMakeFiles/rotors_gazebo_bag_plugin.dir/src/gazebo_bag_plugin.cpp.o[0m
[ 82%] Built target rotors_gazebo_magnetometer_plugin
[ 83%] [32m[1mLinking CXX shared library /home/rishabh/catkin_ws/devel/.private/rotors_gazebo_plugins/lib/libgazebo_geotagged_images_plugin.so[0m
[ 84%] Built target gazebo_geotagged_images_plugin
[ 85%] [32m[1mLinking CXX shared library /home/rishabh/catkin_ws/devel/.private/rotors_gazebo_plugins/lib/librotors_gazebo_multirotor_base_plugin.so[0m
[ 86%] Built target rotors_gazebo_multirotor_base_plugin
[ 87%] [32m[1mLinking CXX shared library /home/rishabh/catkin_ws/devel/.private/rotors_gazebo_plugins/lib/librotors_gazebo_pressure_plugin.so[0m
[ 88%] Built target rotors_gazebo_pressure_plugin
[ 90%] [32m[1mLinking CXX shared library /home/rishabh/catkin_ws/devel/.private/rotors_gazebo_plugins/lib/libLiftDragPlugin.so[0m
[ 90%] Built target LiftDragPlugin
[ 90%] [32m[1mLinking CXX shared library /home/rishabh/catkin_ws/devel/.private/rotors_gazebo_plugins/lib/librotors_gazebo_motor_model.so[0m
[ 91%] Built target rotors_gazebo_motor_model
[ 92%] [32m[1mLinking CXX shared library /home/rishabh/catkin_ws/devel/.private/rotors_gazebo_plugins/lib/librotors_gazebo_wind_plugin.so[0m
[ 93%] Built target rotors_gazebo_wind_plugin
[ 94%] [32m[1mLinking CXX shared library /home/rishabh/catkin_ws/devel/.private/rotors_gazebo_plugins/lib/librotors_gazebo_odometry_plugin.so[0m
[ 95%] Built target rotors_gazebo_odometry_plugin
[35m[1mScanning dependencies of target rotors_gazebo_mavlink_interface[0m
[ 96%] [32mBuilding CXX object CMakeFiles/rotors_gazebo_mavlink_interface.dir/src/gazebo_mavlink_interface.cpp.o[0m
[ 97%] [32m[1mLinking CXX shared library /home/rishabh/catkin_ws/devel/.private/rotors_gazebo_plugins/lib/librotors_gazebo_bag_plugin.so[0m
[ 97%] Built target rotors_gazebo_bag_plugin
[ 98%] [32m[1mLinking CXX shared library /home/rishabh/catkin_ws/devel/.private/rotors_gazebo_plugins/lib/librotors_gazebo_mavlink_interface.so[0m
[100%] Built target rotors_gazebo_mavlink_interface
