Symlinking /home/rishabh/catkin_ws/devel/lib/libpangolin.so
Symlinking /home/rishabh/catkin_ws/devel/lib/libpangolin_catkin.so
Symlinking /home/rishabh/catkin_ws/devel/lib/cmake/Pangolin/PangolinTargets-release.cmake
Symlinking /home/rishabh/catkin_ws/devel/lib/cmake/Pangolin/PangolinConfig.cmake
Symlinking /home/rishabh/catkin_ws/devel/lib/cmake/Pangolin/PangolinTargets.cmake
Symlinking /home/rishabh/catkin_ws/devel/lib/cmake/Pangolin/PangolinConfigVersion.cmake
Symlinking /home/rishabh/catkin_ws/devel/lib/pkgconfig/pangolin_catkin.pc
Symlinking /home/rishabh/catkin_ws/devel/include/pangolin/platform.h
Symlinking /home/rishabh/catkin_ws/devel/include/pangolin/pangolin.h
Symlinking /home/rishabh/catkin_ws/devel/include/pangolin/config.h
Symlinking /home/rishabh/catkin_ws/devel/include/pangolin/plot/datalog.h
Symlinking /home/rishabh/catkin_ws/devel/include/pangolin/plot/plotter.h
Symlinking /home/rishabh/catkin_ws/devel/include/pangolin/plot/range.h
Symlinking /home/rishabh/catkin_ws/devel/include/pangolin/video/stream_encoder_factory.h
Symlinking /home/rishabh/catkin_ws/devel/include/pangolin/video/iostream_operators.h
Symlinking /home/rishabh/catkin_ws/devel/include/pangolin/video/video_interface.h
Symlinking /home/rishabh/catkin_ws/devel/include/pangolin/video/video_input.h
Symlinking /home/rishabh/catkin_ws/devel/include/pangolin/video/video_record_repeat.h
Symlinking /home/rishabh/catkin_ws/devel/include/pangolin/video/video_output.h
Symlinking /home/rishabh/catkin_ws/devel/include/pangolin/video/stream_info.h
Symlinking /home/rishabh/catkin_ws/devel/include/pangolin/video/video_output_interface.h
Symlinking /home/rishabh/catkin_ws/devel/include/pangolin/video/video.h
Symlinking /home/rishabh/catkin_ws/devel/include/pangolin/video/video_exception.h
Symlinking /home/rishabh/catkin_ws/devel/include/pangolin/video/drivers/openni_common.h
Symlinking /home/rishabh/catkin_ws/devel/include/pangolin/video/drivers/shift.h
Symlinking /home/rishabh/catkin_ws/devel/include/pangolin/video/drivers/openni.h
Symlinking /home/rishabh/catkin_ws/devel/include/pangolin/video/drivers/teli.h
Symlinking /home/rishabh/catkin_ws/devel/include/pangolin/video/drivers/ffmpeg.h
Symlinking /home/rishabh/catkin_ws/devel/include/pangolin/video/drivers/split.h
Symlinking /home/rishabh/catkin_ws/devel/include/pangolin/video/drivers/v4l.h
Symlinking /home/rishabh/catkin_ws/devel/include/pangolin/video/drivers/join.h
Symlinking /home/rishabh/catkin_ws/devel/include/pangolin/video/drivers/mirror.h
Symlinking /home/rishabh/catkin_ws/devel/include/pangolin/video/drivers/images_out.h
Symlinking /home/rishabh/catkin_ws/devel/include/pangolin/video/drivers/pleora.h
Symlinking /home/rishabh/catkin_ws/devel/include/pangolin/video/drivers/pvn.h
Symlinking /home/rishabh/catkin_ws/devel/include/pangolin/video/drivers/thread.h
Symlinking /home/rishabh/catkin_ws/devel/include/pangolin/video/drivers/depthsense.h
Symlinking /home/rishabh/catkin_ws/devel/include/pangolin/video/drivers/images.h
Symlinking /home/rishabh/catkin_ws/devel/include/pangolin/video/drivers/openni2.h
Symlinking /home/rishabh/catkin_ws/devel/include/pangolin/video/drivers/uvc_mediafoundation.h
Symlinking /home/rishabh/catkin_ws/devel/include/pangolin/video/drivers/test.h
Symlinking /home/rishabh/catkin_ws/devel/include/pangolin/video/drivers/merge.h
Symlinking /home/rishabh/catkin_ws/devel/include/pangolin/video/drivers/shared_memory.h
Symlinking /home/rishabh/catkin_ws/devel/include/pangolin/video/drivers/unpack.h
Symlinking /home/rishabh/catkin_ws/devel/include/pangolin/video/drivers/pango.h
Symlinking /home/rishabh/catkin_ws/devel/include/pangolin/video/drivers/realsense.h
Symlinking /home/rishabh/catkin_ws/devel/include/pangolin/video/drivers/pango_video_output.h
Symlinking /home/rishabh/catkin_ws/devel/include/pangolin/video/drivers/firewire.h
Symlinking /home/rishabh/catkin_ws/devel/include/pangolin/video/drivers/uvc.h
Symlinking /home/rishabh/catkin_ws/devel/include/pangolin/video/drivers/deinterlace.h
Symlinking /home/rishabh/catkin_ws/devel/include/pangolin/video/drivers/debayer.h
Symlinking /home/rishabh/catkin_ws/devel/include/pangolin/compat/glconsole.h
Symlinking /home/rishabh/catkin_ws/devel/include/pangolin/compat/glutbitmap.h
Symlinking /home/rishabh/catkin_ws/devel/include/pangolin/compat/type_traits.h
Symlinking /home/rishabh/catkin_ws/devel/include/pangolin/compat/ovr.h
Symlinking /home/rishabh/catkin_ws/devel/include/pangolin/python/PyVar.h
Symlinking /home/rishabh/catkin_ws/devel/include/pangolin/python/PyModulePangolin.h
Symlinking /home/rishabh/catkin_ws/devel/include/pangolin/python/PyUniqueObj.h
Symlinking /home/rishabh/catkin_ws/devel/include/pangolin/python/PyPangoIO.h
Symlinking /home/rishabh/catkin_ws/devel/include/pangolin/python/PyInterpreter.h
Symlinking /home/rishabh/catkin_ws/devel/include/pangolin/log/packetstream_tags.h
Symlinking /home/rishabh/catkin_ws/devel/include/pangolin/log/packet.h
Symlinking /home/rishabh/catkin_ws/devel/include/pangolin/log/packetstream_source.h
Symlinking /home/rishabh/catkin_ws/devel/include/pangolin/log/packetstream_reader.h
Symlinking /home/rishabh/catkin_ws/devel/include/pangolin/log/packetstream_writer.h
Symlinking /home/rishabh/catkin_ws/devel/include/pangolin/log/packetstream.h
Symlinking /home/rishabh/catkin_ws/devel/include/pangolin/log/sync_time.h
Symlinking /home/rishabh/catkin_ws/devel/include/pangolin/log/playback_session.h
Symlinking /home/rishabh/catkin_ws/devel/include/pangolin/var/varvalue.h
Symlinking /home/rishabh/catkin_ws/devel/include/pangolin/var/varwrapper.h
Symlinking /home/rishabh/catkin_ws/devel/include/pangolin/var/varextra.h
Symlinking /home/rishabh/catkin_ws/devel/include/pangolin/var/varvaluegeneric.h
Symlinking /home/rishabh/catkin_ws/devel/include/pangolin/var/varstate.h
Symlinking /home/rishabh/catkin_ws/devel/include/pangolin/var/var.h
Symlinking /home/rishabh/catkin_ws/devel/include/pangolin/var/varvaluet.h
Symlinking /home/rishabh/catkin_ws/devel/include/pangolin/var/input_record_repeat.h
Symlinking /home/rishabh/catkin_ws/devel/include/pangolin/image/image.h
Symlinking /home/rishabh/catkin_ws/devel/include/pangolin/image/memcpy.h
Symlinking /home/rishabh/catkin_ws/devel/include/pangolin/image/copy.h
Symlinking /home/rishabh/catkin_ws/devel/include/pangolin/image/pixel_format.h
Symlinking /home/rishabh/catkin_ws/devel/include/pangolin/image/image_io.h
Symlinking /home/rishabh/catkin_ws/devel/include/pangolin/image/image_convert.h
Symlinking /home/rishabh/catkin_ws/devel/include/pangolin/image/typed_image.h
Symlinking /home/rishabh/catkin_ws/devel/include/pangolin/image/image_utils.h
Symlinking /home/rishabh/catkin_ws/devel/include/pangolin/image/managed_image.h
Symlinking /home/rishabh/catkin_ws/devel/include/pangolin/tools/video_viewer.h
Symlinking /home/rishabh/catkin_ws/devel/include/pangolin/scene/interactive.h
Symlinking /home/rishabh/catkin_ws/devel/include/pangolin/scene/interactive_index.h
Symlinking /home/rishabh/catkin_ws/devel/include/pangolin/scene/scenehandler.h
Symlinking /home/rishabh/catkin_ws/devel/include/pangolin/scene/axis.h
Symlinking /home/rishabh/catkin_ws/devel/include/pangolin/scene/renderable.h
Symlinking /home/rishabh/catkin_ws/devel/include/pangolin/factory/factory_registry.h
Symlinking /home/rishabh/catkin_ws/devel/include/pangolin/hud/oculus_hud.h
Symlinking /home/rishabh/catkin_ws/devel/include/pangolin/console/ConsoleView.h
Symlinking /home/rishabh/catkin_ws/devel/include/pangolin/console/ConsoleInterpreter.h
Symlinking /home/rishabh/catkin_ws/devel/include/pangolin/gl/glformattraits.h
Symlinking /home/rishabh/catkin_ws/devel/include/pangolin/gl/glpixformat.h
Symlinking /home/rishabh/catkin_ws/devel/include/pangolin/gl/glcuda.h
Symlinking /home/rishabh/catkin_ws/devel/include/pangolin/gl/gldraw.h
Symlinking /home/rishabh/catkin_ws/devel/include/pangolin/gl/glchar.h
Symlinking /home/rishabh/catkin_ws/devel/include/pangolin/gl/glplatform.h
Symlinking /home/rishabh/catkin_ws/devel/include/pangolin/gl/gltext.h
Symlinking /home/rishabh/catkin_ws/devel/include/pangolin/gl/glpangoglu.h
Symlinking /home/rishabh/catkin_ws/devel/include/pangolin/gl/glvbo.h
Symlinking /home/rishabh/catkin_ws/devel/include/pangolin/gl/glinclude.h
Symlinking /home/rishabh/catkin_ws/devel/include/pangolin/gl/glfont.h
Symlinking /home/rishabh/catkin_ws/devel/include/pangolin/gl/cg.h
Symlinking /home/rishabh/catkin_ws/devel/include/pangolin/gl/glglut.h
Symlinking /home/rishabh/catkin_ws/devel/include/pangolin/gl/gltexturecache.h
Symlinking /home/rishabh/catkin_ws/devel/include/pangolin/gl/colour.h
Symlinking /home/rishabh/catkin_ws/devel/include/pangolin/gl/glsl.h
Symlinking /home/rishabh/catkin_ws/devel/include/pangolin/gl/gl.hpp
Symlinking /home/rishabh/catkin_ws/devel/include/pangolin/gl/gl.h
Symlinking /home/rishabh/catkin_ws/devel/include/pangolin/gl/glstate.h
Symlinking /home/rishabh/catkin_ws/devel/include/pangolin/gl/compat/gl_es_compat.h
Symlinking /home/rishabh/catkin_ws/devel/include/pangolin/gl/compat/gl2engine.h
Symlinking /home/rishabh/catkin_ws/devel/include/pangolin/ios/PangolinAppDelegate.h
Symlinking /home/rishabh/catkin_ws/devel/include/pangolin/ios/PangolinUIView.h
Symlinking /home/rishabh/catkin_ws/devel/include/pangolin/utils/params.h
Symlinking /home/rishabh/catkin_ws/devel/include/pangolin/utils/threadedfilebuf.h
Symlinking /home/rishabh/catkin_ws/devel/include/pangolin/utils/sigstate.h
Symlinking /home/rishabh/catkin_ws/devel/include/pangolin/utils/picojson.h
Symlinking /home/rishabh/catkin_ws/devel/include/pangolin/utils/registration.h
Symlinking /home/rishabh/catkin_ws/devel/include/pangolin/utils/log.h
Symlinking /home/rishabh/catkin_ws/devel/include/pangolin/utils/file_extension.h
Symlinking /home/rishabh/catkin_ws/devel/include/pangolin/utils/compontent_cast.h
Symlinking /home/rishabh/catkin_ws/devel/include/pangolin/utils/transform.h
Symlinking /home/rishabh/catkin_ws/devel/include/pangolin/utils/fix_size_buffer_queue.h
Symlinking /home/rishabh/catkin_ws/devel/include/pangolin/utils/type_convert.h
Symlinking /home/rishabh/catkin_ws/devel/include/pangolin/utils/uri.h
Symlinking /home/rishabh/catkin_ws/devel/include/pangolin/utils/signal_slot.h
Symlinking /home/rishabh/catkin_ws/devel/include/pangolin/utils/file_utils.h
Symlinking /home/rishabh/catkin_ws/devel/include/pangolin/utils/timer.h
Symlinking /home/rishabh/catkin_ws/devel/include/pangolin/utils/argagg.hpp
Symlinking /home/rishabh/catkin_ws/devel/include/pangolin/utils/memstreambuf.h
Symlinking /home/rishabh/catkin_ws/devel/include/pangolin/utils/simple_math.h
Symlinking /home/rishabh/catkin_ws/devel/include/pangolin/utils/format_string.h
Symlinking /home/rishabh/catkin_ws/devel/include/pangolin/utils/assert.h
Symlinking /home/rishabh/catkin_ws/devel/include/pangolin/utils/posix/semaphore.h
Symlinking /home/rishabh/catkin_ws/devel/include/pangolin/utils/posix/shared_memory_buffer.h
Symlinking /home/rishabh/catkin_ws/devel/include/pangolin/utils/posix/condition_variable.h
Symlinking /home/rishabh/catkin_ws/devel/include/pangolin/utils/xml/rapidxml_utils.hpp
Symlinking /home/rishabh/catkin_ws/devel/include/pangolin/utils/xml/license.txt
Symlinking /home/rishabh/catkin_ws/devel/include/pangolin/utils/xml/rapidxml.hpp
Symlinking /home/rishabh/catkin_ws/devel/include/pangolin/utils/xml/rapidxml_print.hpp
Symlinking /home/rishabh/catkin_ws/devel/include/pangolin/utils/xml/rapidxml_iterators.hpp
Symlinking /home/rishabh/catkin_ws/devel/include/pangolin/handler/handler.h
Symlinking /home/rishabh/catkin_ws/devel/include/pangolin/handler/handler_glbuffer.h
Symlinking /home/rishabh/catkin_ws/devel/include/pangolin/handler/handler_enums.h
Symlinking /home/rishabh/catkin_ws/devel/include/pangolin/handler/handler_image.h
Symlinking /home/rishabh/catkin_ws/devel/include/pangolin/display/view.h
Symlinking /home/rishabh/catkin_ws/devel/include/pangolin/display/viewport.h
Symlinking /home/rishabh/catkin_ws/devel/include/pangolin/display/opengl_render_state.h
Symlinking /home/rishabh/catkin_ws/devel/include/pangolin/display/image_view.h
Symlinking /home/rishabh/catkin_ws/devel/include/pangolin/display/display.h
Symlinking /home/rishabh/catkin_ws/devel/include/pangolin/display/window.h
Symlinking /home/rishabh/catkin_ws/devel/include/pangolin/display/attach.h
Symlinking /home/rishabh/catkin_ws/devel/include/pangolin/display/display_internal.h
Symlinking /home/rishabh/catkin_ws/devel/include/pangolin/display/user_app.h
Symlinking /home/rishabh/catkin_ws/devel/include/pangolin/display/widgets/widgets.h
Symlinking /home/rishabh/catkin_ws/devel/include/pangolin/display/device/WinWindow.h
Symlinking /home/rishabh/catkin_ws/devel/include/pangolin/display/device/OsxWindow.h
Symlinking /home/rishabh/catkin_ws/devel/include/pangolin/display/device/display_glut.h
Symlinking /home/rishabh/catkin_ws/devel/include/pangolin/display/device/display_android.h
Symlinking /home/rishabh/catkin_ws/devel/include/pangolin/display/device/X11GlContext.h
Symlinking /home/rishabh/catkin_ws/devel/include/pangolin/display/device/PangolinNSGLView.h
Symlinking /home/rishabh/catkin_ws/devel/include/pangolin/display/device/PangolinNSApplication.h
Symlinking /home/rishabh/catkin_ws/devel/include/pangolin/display/device/X11Window.h
Symlinking /home/rishabh/catkin_ws/devel/share/pangolin_catkin/cmake/pangolin_catkinConfig-version.cmake
Symlinking /home/rishabh/catkin_ws/devel/share/pangolin_catkin/cmake/pangolin-extras.cmake
Symlinking /home/rishabh/catkin_ws/devel/share/pangolin_catkin/cmake/pangolin_catkinConfig.cmake
