Linked: (/home/rishabh/catkin_ws/devel/.private/pangolin_catkin/lib/libpangolin.so, /home/rishabh/catkin_ws/devel/lib/libpangolin.so)
Linked: (/home/rishabh/catkin_ws/devel/.private/pangolin_catkin/lib/libpangolin_catkin.so, /home/rishabh/catkin_ws/devel/lib/libpangolin_catkin.so)
Linked: (/home/rishabh/catkin_ws/devel/.private/pangolin_catkin/lib/cmake/Pangolin/PangolinTargets-release.cmake, /home/rishabh/catkin_ws/devel/lib/cmake/Pangolin/PangolinTargets-release.cmake)
Linked: (/home/rishabh/catkin_ws/devel/.private/pangolin_catkin/lib/cmake/Pangolin/PangolinConfig.cmake, /home/rishabh/catkin_ws/devel/lib/cmake/Pangolin/PangolinConfig.cmake)
Linked: (/home/rishabh/catkin_ws/devel/.private/pangolin_catkin/lib/cmake/Pangolin/PangolinTargets.cmake, /home/rishabh/catkin_ws/devel/lib/cmake/Pangolin/PangolinTargets.cmake)
Linked: (/home/rishabh/catkin_ws/devel/.private/pangolin_catkin/lib/cmake/Pangolin/PangolinConfigVersion.cmake, /home/rishabh/catkin_ws/devel/lib/cmake/Pangolin/PangolinConfigVersion.cmake)
Linked: (/home/rishabh/catkin_ws/devel/.private/pangolin_catkin/lib/pkgconfig/pangolin_catkin.pc, /home/rishabh/catkin_ws/devel/lib/pkgconfig/pangolin_catkin.pc)
Linked: (/home/rishabh/catkin_ws/devel/.private/pangolin_catkin/include/pangolin/platform.h, /home/rishabh/catkin_ws/devel/include/pangolin/platform.h)
Linked: (/home/rishabh/catkin_ws/devel/.private/pangolin_catkin/include/pangolin/pangolin.h, /home/rishabh/catkin_ws/devel/include/pangolin/pangolin.h)
Linked: (/home/rishabh/catkin_ws/devel/.private/pangolin_catkin/include/pangolin/config.h, /home/rishabh/catkin_ws/devel/include/pangolin/config.h)
Linked: (/home/rishabh/catkin_ws/devel/.private/pangolin_catkin/include/pangolin/plot/datalog.h, /home/rishabh/catkin_ws/devel/include/pangolin/plot/datalog.h)
Linked: (/home/rishabh/catkin_ws/devel/.private/pangolin_catkin/include/pangolin/plot/plotter.h, /home/rishabh/catkin_ws/devel/include/pangolin/plot/plotter.h)
Linked: (/home/rishabh/catkin_ws/devel/.private/pangolin_catkin/include/pangolin/plot/range.h, /home/rishabh/catkin_ws/devel/include/pangolin/plot/range.h)
Linked: (/home/rishabh/catkin_ws/devel/.private/pangolin_catkin/include/pangolin/video/stream_encoder_factory.h, /home/rishabh/catkin_ws/devel/include/pangolin/video/stream_encoder_factory.h)
Linked: (/home/rishabh/catkin_ws/devel/.private/pangolin_catkin/include/pangolin/video/iostream_operators.h, /home/rishabh/catkin_ws/devel/include/pangolin/video/iostream_operators.h)
Linked: (/home/rishabh/catkin_ws/devel/.private/pangolin_catkin/include/pangolin/video/video_interface.h, /home/rishabh/catkin_ws/devel/include/pangolin/video/video_interface.h)
Linked: (/home/rishabh/catkin_ws/devel/.private/pangolin_catkin/include/pangolin/video/video_input.h, /home/rishabh/catkin_ws/devel/include/pangolin/video/video_input.h)
Linked: (/home/rishabh/catkin_ws/devel/.private/pangolin_catkin/include/pangolin/video/video_record_repeat.h, /home/rishabh/catkin_ws/devel/include/pangolin/video/video_record_repeat.h)
Linked: (/home/rishabh/catkin_ws/devel/.private/pangolin_catkin/include/pangolin/video/video_output.h, /home/rishabh/catkin_ws/devel/include/pangolin/video/video_output.h)
Linked: (/home/rishabh/catkin_ws/devel/.private/pangolin_catkin/include/pangolin/video/stream_info.h, /home/rishabh/catkin_ws/devel/include/pangolin/video/stream_info.h)
Linked: (/home/rishabh/catkin_ws/devel/.private/pangolin_catkin/include/pangolin/video/video_output_interface.h, /home/rishabh/catkin_ws/devel/include/pangolin/video/video_output_interface.h)
Linked: (/home/rishabh/catkin_ws/devel/.private/pangolin_catkin/include/pangolin/video/video.h, /home/rishabh/catkin_ws/devel/include/pangolin/video/video.h)
Linked: (/home/rishabh/catkin_ws/devel/.private/pangolin_catkin/include/pangolin/video/video_exception.h, /home/rishabh/catkin_ws/devel/include/pangolin/video/video_exception.h)
Linked: (/home/rishabh/catkin_ws/devel/.private/pangolin_catkin/include/pangolin/video/drivers/openni_common.h, /home/rishabh/catkin_ws/devel/include/pangolin/video/drivers/openni_common.h)
Linked: (/home/rishabh/catkin_ws/devel/.private/pangolin_catkin/include/pangolin/video/drivers/shift.h, /home/rishabh/catkin_ws/devel/include/pangolin/video/drivers/shift.h)
Linked: (/home/rishabh/catkin_ws/devel/.private/pangolin_catkin/include/pangolin/video/drivers/openni.h, /home/rishabh/catkin_ws/devel/include/pangolin/video/drivers/openni.h)
Linked: (/home/rishabh/catkin_ws/devel/.private/pangolin_catkin/include/pangolin/video/drivers/teli.h, /home/rishabh/catkin_ws/devel/include/pangolin/video/drivers/teli.h)
Linked: (/home/rishabh/catkin_ws/devel/.private/pangolin_catkin/include/pangolin/video/drivers/ffmpeg.h, /home/rishabh/catkin_ws/devel/include/pangolin/video/drivers/ffmpeg.h)
Linked: (/home/rishabh/catkin_ws/devel/.private/pangolin_catkin/include/pangolin/video/drivers/split.h, /home/rishabh/catkin_ws/devel/include/pangolin/video/drivers/split.h)
Linked: (/home/rishabh/catkin_ws/devel/.private/pangolin_catkin/include/pangolin/video/drivers/v4l.h, /home/rishabh/catkin_ws/devel/include/pangolin/video/drivers/v4l.h)
Linked: (/home/rishabh/catkin_ws/devel/.private/pangolin_catkin/include/pangolin/video/drivers/join.h, /home/rishabh/catkin_ws/devel/include/pangolin/video/drivers/join.h)
Linked: (/home/rishabh/catkin_ws/devel/.private/pangolin_catkin/include/pangolin/video/drivers/mirror.h, /home/rishabh/catkin_ws/devel/include/pangolin/video/drivers/mirror.h)
Linked: (/home/rishabh/catkin_ws/devel/.private/pangolin_catkin/include/pangolin/video/drivers/images_out.h, /home/rishabh/catkin_ws/devel/include/pangolin/video/drivers/images_out.h)
Linked: (/home/rishabh/catkin_ws/devel/.private/pangolin_catkin/include/pangolin/video/drivers/pleora.h, /home/rishabh/catkin_ws/devel/include/pangolin/video/drivers/pleora.h)
Linked: (/home/rishabh/catkin_ws/devel/.private/pangolin_catkin/include/pangolin/video/drivers/pvn.h, /home/rishabh/catkin_ws/devel/include/pangolin/video/drivers/pvn.h)
Linked: (/home/rishabh/catkin_ws/devel/.private/pangolin_catkin/include/pangolin/video/drivers/thread.h, /home/rishabh/catkin_ws/devel/include/pangolin/video/drivers/thread.h)
Linked: (/home/rishabh/catkin_ws/devel/.private/pangolin_catkin/include/pangolin/video/drivers/depthsense.h, /home/rishabh/catkin_ws/devel/include/pangolin/video/drivers/depthsense.h)
Linked: (/home/rishabh/catkin_ws/devel/.private/pangolin_catkin/include/pangolin/video/drivers/images.h, /home/rishabh/catkin_ws/devel/include/pangolin/video/drivers/images.h)
Linked: (/home/rishabh/catkin_ws/devel/.private/pangolin_catkin/include/pangolin/video/drivers/openni2.h, /home/rishabh/catkin_ws/devel/include/pangolin/video/drivers/openni2.h)
Linked: (/home/rishabh/catkin_ws/devel/.private/pangolin_catkin/include/pangolin/video/drivers/uvc_mediafoundation.h, /home/rishabh/catkin_ws/devel/include/pangolin/video/drivers/uvc_mediafoundation.h)
Linked: (/home/rishabh/catkin_ws/devel/.private/pangolin_catkin/include/pangolin/video/drivers/test.h, /home/rishabh/catkin_ws/devel/include/pangolin/video/drivers/test.h)
Linked: (/home/rishabh/catkin_ws/devel/.private/pangolin_catkin/include/pangolin/video/drivers/merge.h, /home/rishabh/catkin_ws/devel/include/pangolin/video/drivers/merge.h)
Linked: (/home/rishabh/catkin_ws/devel/.private/pangolin_catkin/include/pangolin/video/drivers/shared_memory.h, /home/rishabh/catkin_ws/devel/include/pangolin/video/drivers/shared_memory.h)
Linked: (/home/rishabh/catkin_ws/devel/.private/pangolin_catkin/include/pangolin/video/drivers/unpack.h, /home/rishabh/catkin_ws/devel/include/pangolin/video/drivers/unpack.h)
Linked: (/home/rishabh/catkin_ws/devel/.private/pangolin_catkin/include/pangolin/video/drivers/pango.h, /home/rishabh/catkin_ws/devel/include/pangolin/video/drivers/pango.h)
Linked: (/home/rishabh/catkin_ws/devel/.private/pangolin_catkin/include/pangolin/video/drivers/realsense.h, /home/rishabh/catkin_ws/devel/include/pangolin/video/drivers/realsense.h)
Linked: (/home/rishabh/catkin_ws/devel/.private/pangolin_catkin/include/pangolin/video/drivers/pango_video_output.h, /home/rishabh/catkin_ws/devel/include/pangolin/video/drivers/pango_video_output.h)
Linked: (/home/rishabh/catkin_ws/devel/.private/pangolin_catkin/include/pangolin/video/drivers/firewire.h, /home/rishabh/catkin_ws/devel/include/pangolin/video/drivers/firewire.h)
Linked: (/home/rishabh/catkin_ws/devel/.private/pangolin_catkin/include/pangolin/video/drivers/uvc.h, /home/rishabh/catkin_ws/devel/include/pangolin/video/drivers/uvc.h)
Linked: (/home/rishabh/catkin_ws/devel/.private/pangolin_catkin/include/pangolin/video/drivers/deinterlace.h, /home/rishabh/catkin_ws/devel/include/pangolin/video/drivers/deinterlace.h)
Linked: (/home/rishabh/catkin_ws/devel/.private/pangolin_catkin/include/pangolin/video/drivers/debayer.h, /home/rishabh/catkin_ws/devel/include/pangolin/video/drivers/debayer.h)
Linked: (/home/rishabh/catkin_ws/devel/.private/pangolin_catkin/include/pangolin/compat/glconsole.h, /home/rishabh/catkin_ws/devel/include/pangolin/compat/glconsole.h)
Linked: (/home/rishabh/catkin_ws/devel/.private/pangolin_catkin/include/pangolin/compat/glutbitmap.h, /home/rishabh/catkin_ws/devel/include/pangolin/compat/glutbitmap.h)
Linked: (/home/rishabh/catkin_ws/devel/.private/pangolin_catkin/include/pangolin/compat/type_traits.h, /home/rishabh/catkin_ws/devel/include/pangolin/compat/type_traits.h)
Linked: (/home/rishabh/catkin_ws/devel/.private/pangolin_catkin/include/pangolin/compat/ovr.h, /home/rishabh/catkin_ws/devel/include/pangolin/compat/ovr.h)
Linked: (/home/rishabh/catkin_ws/devel/.private/pangolin_catkin/include/pangolin/python/PyVar.h, /home/rishabh/catkin_ws/devel/include/pangolin/python/PyVar.h)
Linked: (/home/rishabh/catkin_ws/devel/.private/pangolin_catkin/include/pangolin/python/PyModulePangolin.h, /home/rishabh/catkin_ws/devel/include/pangolin/python/PyModulePangolin.h)
Linked: (/home/rishabh/catkin_ws/devel/.private/pangolin_catkin/include/pangolin/python/PyUniqueObj.h, /home/rishabh/catkin_ws/devel/include/pangolin/python/PyUniqueObj.h)
Linked: (/home/rishabh/catkin_ws/devel/.private/pangolin_catkin/include/pangolin/python/PyPangoIO.h, /home/rishabh/catkin_ws/devel/include/pangolin/python/PyPangoIO.h)
Linked: (/home/rishabh/catkin_ws/devel/.private/pangolin_catkin/include/pangolin/python/PyInterpreter.h, /home/rishabh/catkin_ws/devel/include/pangolin/python/PyInterpreter.h)
Linked: (/home/rishabh/catkin_ws/devel/.private/pangolin_catkin/include/pangolin/log/packetstream_tags.h, /home/rishabh/catkin_ws/devel/include/pangolin/log/packetstream_tags.h)
Linked: (/home/rishabh/catkin_ws/devel/.private/pangolin_catkin/include/pangolin/log/packet.h, /home/rishabh/catkin_ws/devel/include/pangolin/log/packet.h)
Linked: (/home/rishabh/catkin_ws/devel/.private/pangolin_catkin/include/pangolin/log/packetstream_source.h, /home/rishabh/catkin_ws/devel/include/pangolin/log/packetstream_source.h)
Linked: (/home/rishabh/catkin_ws/devel/.private/pangolin_catkin/include/pangolin/log/packetstream_reader.h, /home/rishabh/catkin_ws/devel/include/pangolin/log/packetstream_reader.h)
Linked: (/home/rishabh/catkin_ws/devel/.private/pangolin_catkin/include/pangolin/log/packetstream_writer.h, /home/rishabh/catkin_ws/devel/include/pangolin/log/packetstream_writer.h)
Linked: (/home/rishabh/catkin_ws/devel/.private/pangolin_catkin/include/pangolin/log/packetstream.h, /home/rishabh/catkin_ws/devel/include/pangolin/log/packetstream.h)
Linked: (/home/rishabh/catkin_ws/devel/.private/pangolin_catkin/include/pangolin/log/sync_time.h, /home/rishabh/catkin_ws/devel/include/pangolin/log/sync_time.h)
Linked: (/home/rishabh/catkin_ws/devel/.private/pangolin_catkin/include/pangolin/log/playback_session.h, /home/rishabh/catkin_ws/devel/include/pangolin/log/playback_session.h)
Linked: (/home/rishabh/catkin_ws/devel/.private/pangolin_catkin/include/pangolin/var/varvalue.h, /home/rishabh/catkin_ws/devel/include/pangolin/var/varvalue.h)
Linked: (/home/rishabh/catkin_ws/devel/.private/pangolin_catkin/include/pangolin/var/varwrapper.h, /home/rishabh/catkin_ws/devel/include/pangolin/var/varwrapper.h)
Linked: (/home/rishabh/catkin_ws/devel/.private/pangolin_catkin/include/pangolin/var/varextra.h, /home/rishabh/catkin_ws/devel/include/pangolin/var/varextra.h)
Linked: (/home/rishabh/catkin_ws/devel/.private/pangolin_catkin/include/pangolin/var/varvaluegeneric.h, /home/rishabh/catkin_ws/devel/include/pangolin/var/varvaluegeneric.h)
Linked: (/home/rishabh/catkin_ws/devel/.private/pangolin_catkin/include/pangolin/var/varstate.h, /home/rishabh/catkin_ws/devel/include/pangolin/var/varstate.h)
Linked: (/home/rishabh/catkin_ws/devel/.private/pangolin_catkin/include/pangolin/var/var.h, /home/rishabh/catkin_ws/devel/include/pangolin/var/var.h)
Linked: (/home/rishabh/catkin_ws/devel/.private/pangolin_catkin/include/pangolin/var/varvaluet.h, /home/rishabh/catkin_ws/devel/include/pangolin/var/varvaluet.h)
Linked: (/home/rishabh/catkin_ws/devel/.private/pangolin_catkin/include/pangolin/var/input_record_repeat.h, /home/rishabh/catkin_ws/devel/include/pangolin/var/input_record_repeat.h)
Linked: (/home/rishabh/catkin_ws/devel/.private/pangolin_catkin/include/pangolin/image/image.h, /home/rishabh/catkin_ws/devel/include/pangolin/image/image.h)
Linked: (/home/rishabh/catkin_ws/devel/.private/pangolin_catkin/include/pangolin/image/memcpy.h, /home/rishabh/catkin_ws/devel/include/pangolin/image/memcpy.h)
Linked: (/home/rishabh/catkin_ws/devel/.private/pangolin_catkin/include/pangolin/image/copy.h, /home/rishabh/catkin_ws/devel/include/pangolin/image/copy.h)
Linked: (/home/rishabh/catkin_ws/devel/.private/pangolin_catkin/include/pangolin/image/pixel_format.h, /home/rishabh/catkin_ws/devel/include/pangolin/image/pixel_format.h)
Linked: (/home/rishabh/catkin_ws/devel/.private/pangolin_catkin/include/pangolin/image/image_io.h, /home/rishabh/catkin_ws/devel/include/pangolin/image/image_io.h)
Linked: (/home/rishabh/catkin_ws/devel/.private/pangolin_catkin/include/pangolin/image/image_convert.h, /home/rishabh/catkin_ws/devel/include/pangolin/image/image_convert.h)
Linked: (/home/rishabh/catkin_ws/devel/.private/pangolin_catkin/include/pangolin/image/typed_image.h, /home/rishabh/catkin_ws/devel/include/pangolin/image/typed_image.h)
Linked: (/home/rishabh/catkin_ws/devel/.private/pangolin_catkin/include/pangolin/image/image_utils.h, /home/rishabh/catkin_ws/devel/include/pangolin/image/image_utils.h)
Linked: (/home/rishabh/catkin_ws/devel/.private/pangolin_catkin/include/pangolin/image/managed_image.h, /home/rishabh/catkin_ws/devel/include/pangolin/image/managed_image.h)
Linked: (/home/rishabh/catkin_ws/devel/.private/pangolin_catkin/include/pangolin/tools/video_viewer.h, /home/rishabh/catkin_ws/devel/include/pangolin/tools/video_viewer.h)
Linked: (/home/rishabh/catkin_ws/devel/.private/pangolin_catkin/include/pangolin/scene/interactive.h, /home/rishabh/catkin_ws/devel/include/pangolin/scene/interactive.h)
Linked: (/home/rishabh/catkin_ws/devel/.private/pangolin_catkin/include/pangolin/scene/interactive_index.h, /home/rishabh/catkin_ws/devel/include/pangolin/scene/interactive_index.h)
Linked: (/home/rishabh/catkin_ws/devel/.private/pangolin_catkin/include/pangolin/scene/scenehandler.h, /home/rishabh/catkin_ws/devel/include/pangolin/scene/scenehandler.h)
Linked: (/home/rishabh/catkin_ws/devel/.private/pangolin_catkin/include/pangolin/scene/axis.h, /home/rishabh/catkin_ws/devel/include/pangolin/scene/axis.h)
Linked: (/home/rishabh/catkin_ws/devel/.private/pangolin_catkin/include/pangolin/scene/renderable.h, /home/rishabh/catkin_ws/devel/include/pangolin/scene/renderable.h)
Linked: (/home/rishabh/catkin_ws/devel/.private/pangolin_catkin/include/pangolin/factory/factory_registry.h, /home/rishabh/catkin_ws/devel/include/pangolin/factory/factory_registry.h)
Linked: (/home/rishabh/catkin_ws/devel/.private/pangolin_catkin/include/pangolin/hud/oculus_hud.h, /home/rishabh/catkin_ws/devel/include/pangolin/hud/oculus_hud.h)
Linked: (/home/rishabh/catkin_ws/devel/.private/pangolin_catkin/include/pangolin/console/ConsoleView.h, /home/rishabh/catkin_ws/devel/include/pangolin/console/ConsoleView.h)
Linked: (/home/rishabh/catkin_ws/devel/.private/pangolin_catkin/include/pangolin/console/ConsoleInterpreter.h, /home/rishabh/catkin_ws/devel/include/pangolin/console/ConsoleInterpreter.h)
Linked: (/home/rishabh/catkin_ws/devel/.private/pangolin_catkin/include/pangolin/gl/glformattraits.h, /home/rishabh/catkin_ws/devel/include/pangolin/gl/glformattraits.h)
Linked: (/home/rishabh/catkin_ws/devel/.private/pangolin_catkin/include/pangolin/gl/glpixformat.h, /home/rishabh/catkin_ws/devel/include/pangolin/gl/glpixformat.h)
Linked: (/home/rishabh/catkin_ws/devel/.private/pangolin_catkin/include/pangolin/gl/glcuda.h, /home/rishabh/catkin_ws/devel/include/pangolin/gl/glcuda.h)
Linked: (/home/rishabh/catkin_ws/devel/.private/pangolin_catkin/include/pangolin/gl/gldraw.h, /home/rishabh/catkin_ws/devel/include/pangolin/gl/gldraw.h)
Linked: (/home/rishabh/catkin_ws/devel/.private/pangolin_catkin/include/pangolin/gl/glchar.h, /home/rishabh/catkin_ws/devel/include/pangolin/gl/glchar.h)
Linked: (/home/rishabh/catkin_ws/devel/.private/pangolin_catkin/include/pangolin/gl/glplatform.h, /home/rishabh/catkin_ws/devel/include/pangolin/gl/glplatform.h)
Linked: (/home/rishabh/catkin_ws/devel/.private/pangolin_catkin/include/pangolin/gl/gltext.h, /home/rishabh/catkin_ws/devel/include/pangolin/gl/gltext.h)
Linked: (/home/rishabh/catkin_ws/devel/.private/pangolin_catkin/include/pangolin/gl/glpangoglu.h, /home/rishabh/catkin_ws/devel/include/pangolin/gl/glpangoglu.h)
Linked: (/home/rishabh/catkin_ws/devel/.private/pangolin_catkin/include/pangolin/gl/glvbo.h, /home/rishabh/catkin_ws/devel/include/pangolin/gl/glvbo.h)
Linked: (/home/rishabh/catkin_ws/devel/.private/pangolin_catkin/include/pangolin/gl/glinclude.h, /home/rishabh/catkin_ws/devel/include/pangolin/gl/glinclude.h)
Linked: (/home/rishabh/catkin_ws/devel/.private/pangolin_catkin/include/pangolin/gl/glfont.h, /home/rishabh/catkin_ws/devel/include/pangolin/gl/glfont.h)
Linked: (/home/rishabh/catkin_ws/devel/.private/pangolin_catkin/include/pangolin/gl/cg.h, /home/rishabh/catkin_ws/devel/include/pangolin/gl/cg.h)
Linked: (/home/rishabh/catkin_ws/devel/.private/pangolin_catkin/include/pangolin/gl/glglut.h, /home/rishabh/catkin_ws/devel/include/pangolin/gl/glglut.h)
Linked: (/home/rishabh/catkin_ws/devel/.private/pangolin_catkin/include/pangolin/gl/gltexturecache.h, /home/rishabh/catkin_ws/devel/include/pangolin/gl/gltexturecache.h)
Linked: (/home/rishabh/catkin_ws/devel/.private/pangolin_catkin/include/pangolin/gl/colour.h, /home/rishabh/catkin_ws/devel/include/pangolin/gl/colour.h)
Linked: (/home/rishabh/catkin_ws/devel/.private/pangolin_catkin/include/pangolin/gl/glsl.h, /home/rishabh/catkin_ws/devel/include/pangolin/gl/glsl.h)
Linked: (/home/rishabh/catkin_ws/devel/.private/pangolin_catkin/include/pangolin/gl/gl.hpp, /home/rishabh/catkin_ws/devel/include/pangolin/gl/gl.hpp)
Linked: (/home/rishabh/catkin_ws/devel/.private/pangolin_catkin/include/pangolin/gl/gl.h, /home/rishabh/catkin_ws/devel/include/pangolin/gl/gl.h)
Linked: (/home/rishabh/catkin_ws/devel/.private/pangolin_catkin/include/pangolin/gl/glstate.h, /home/rishabh/catkin_ws/devel/include/pangolin/gl/glstate.h)
Linked: (/home/rishabh/catkin_ws/devel/.private/pangolin_catkin/include/pangolin/gl/compat/gl_es_compat.h, /home/rishabh/catkin_ws/devel/include/pangolin/gl/compat/gl_es_compat.h)
Linked: (/home/rishabh/catkin_ws/devel/.private/pangolin_catkin/include/pangolin/gl/compat/gl2engine.h, /home/rishabh/catkin_ws/devel/include/pangolin/gl/compat/gl2engine.h)
Linked: (/home/rishabh/catkin_ws/devel/.private/pangolin_catkin/include/pangolin/ios/PangolinAppDelegate.h, /home/rishabh/catkin_ws/devel/include/pangolin/ios/PangolinAppDelegate.h)
Linked: (/home/rishabh/catkin_ws/devel/.private/pangolin_catkin/include/pangolin/ios/PangolinUIView.h, /home/rishabh/catkin_ws/devel/include/pangolin/ios/PangolinUIView.h)
Linked: (/home/rishabh/catkin_ws/devel/.private/pangolin_catkin/include/pangolin/utils/params.h, /home/rishabh/catkin_ws/devel/include/pangolin/utils/params.h)
Linked: (/home/rishabh/catkin_ws/devel/.private/pangolin_catkin/include/pangolin/utils/threadedfilebuf.h, /home/rishabh/catkin_ws/devel/include/pangolin/utils/threadedfilebuf.h)
Linked: (/home/rishabh/catkin_ws/devel/.private/pangolin_catkin/include/pangolin/utils/sigstate.h, /home/rishabh/catkin_ws/devel/include/pangolin/utils/sigstate.h)
Linked: (/home/rishabh/catkin_ws/devel/.private/pangolin_catkin/include/pangolin/utils/picojson.h, /home/rishabh/catkin_ws/devel/include/pangolin/utils/picojson.h)
Linked: (/home/rishabh/catkin_ws/devel/.private/pangolin_catkin/include/pangolin/utils/registration.h, /home/rishabh/catkin_ws/devel/include/pangolin/utils/registration.h)
Linked: (/home/rishabh/catkin_ws/devel/.private/pangolin_catkin/include/pangolin/utils/log.h, /home/rishabh/catkin_ws/devel/include/pangolin/utils/log.h)
Linked: (/home/rishabh/catkin_ws/devel/.private/pangolin_catkin/include/pangolin/utils/file_extension.h, /home/rishabh/catkin_ws/devel/include/pangolin/utils/file_extension.h)
Linked: (/home/rishabh/catkin_ws/devel/.private/pangolin_catkin/include/pangolin/utils/compontent_cast.h, /home/rishabh/catkin_ws/devel/include/pangolin/utils/compontent_cast.h)
Linked: (/home/rishabh/catkin_ws/devel/.private/pangolin_catkin/include/pangolin/utils/transform.h, /home/rishabh/catkin_ws/devel/include/pangolin/utils/transform.h)
Linked: (/home/rishabh/catkin_ws/devel/.private/pangolin_catkin/include/pangolin/utils/fix_size_buffer_queue.h, /home/rishabh/catkin_ws/devel/include/pangolin/utils/fix_size_buffer_queue.h)
Linked: (/home/rishabh/catkin_ws/devel/.private/pangolin_catkin/include/pangolin/utils/type_convert.h, /home/rishabh/catkin_ws/devel/include/pangolin/utils/type_convert.h)
Linked: (/home/rishabh/catkin_ws/devel/.private/pangolin_catkin/include/pangolin/utils/uri.h, /home/rishabh/catkin_ws/devel/include/pangolin/utils/uri.h)
Linked: (/home/rishabh/catkin_ws/devel/.private/pangolin_catkin/include/pangolin/utils/signal_slot.h, /home/rishabh/catkin_ws/devel/include/pangolin/utils/signal_slot.h)
Linked: (/home/rishabh/catkin_ws/devel/.private/pangolin_catkin/include/pangolin/utils/file_utils.h, /home/rishabh/catkin_ws/devel/include/pangolin/utils/file_utils.h)
Linked: (/home/rishabh/catkin_ws/devel/.private/pangolin_catkin/include/pangolin/utils/timer.h, /home/rishabh/catkin_ws/devel/include/pangolin/utils/timer.h)
Linked: (/home/rishabh/catkin_ws/devel/.private/pangolin_catkin/include/pangolin/utils/argagg.hpp, /home/rishabh/catkin_ws/devel/include/pangolin/utils/argagg.hpp)
Linked: (/home/rishabh/catkin_ws/devel/.private/pangolin_catkin/include/pangolin/utils/memstreambuf.h, /home/rishabh/catkin_ws/devel/include/pangolin/utils/memstreambuf.h)
Linked: (/home/rishabh/catkin_ws/devel/.private/pangolin_catkin/include/pangolin/utils/simple_math.h, /home/rishabh/catkin_ws/devel/include/pangolin/utils/simple_math.h)
Linked: (/home/rishabh/catkin_ws/devel/.private/pangolin_catkin/include/pangolin/utils/format_string.h, /home/rishabh/catkin_ws/devel/include/pangolin/utils/format_string.h)
Linked: (/home/rishabh/catkin_ws/devel/.private/pangolin_catkin/include/pangolin/utils/assert.h, /home/rishabh/catkin_ws/devel/include/pangolin/utils/assert.h)
Linked: (/home/rishabh/catkin_ws/devel/.private/pangolin_catkin/include/pangolin/utils/posix/semaphore.h, /home/rishabh/catkin_ws/devel/include/pangolin/utils/posix/semaphore.h)
Linked: (/home/rishabh/catkin_ws/devel/.private/pangolin_catkin/include/pangolin/utils/posix/shared_memory_buffer.h, /home/rishabh/catkin_ws/devel/include/pangolin/utils/posix/shared_memory_buffer.h)
Linked: (/home/rishabh/catkin_ws/devel/.private/pangolin_catkin/include/pangolin/utils/posix/condition_variable.h, /home/rishabh/catkin_ws/devel/include/pangolin/utils/posix/condition_variable.h)
Linked: (/home/rishabh/catkin_ws/devel/.private/pangolin_catkin/include/pangolin/utils/xml/rapidxml_utils.hpp, /home/rishabh/catkin_ws/devel/include/pangolin/utils/xml/rapidxml_utils.hpp)
Linked: (/home/rishabh/catkin_ws/devel/.private/pangolin_catkin/include/pangolin/utils/xml/license.txt, /home/rishabh/catkin_ws/devel/include/pangolin/utils/xml/license.txt)
Linked: (/home/rishabh/catkin_ws/devel/.private/pangolin_catkin/include/pangolin/utils/xml/rapidxml.hpp, /home/rishabh/catkin_ws/devel/include/pangolin/utils/xml/rapidxml.hpp)
Linked: (/home/rishabh/catkin_ws/devel/.private/pangolin_catkin/include/pangolin/utils/xml/rapidxml_print.hpp, /home/rishabh/catkin_ws/devel/include/pangolin/utils/xml/rapidxml_print.hpp)
Linked: (/home/rishabh/catkin_ws/devel/.private/pangolin_catkin/include/pangolin/utils/xml/rapidxml_iterators.hpp, /home/rishabh/catkin_ws/devel/include/pangolin/utils/xml/rapidxml_iterators.hpp)
Linked: (/home/rishabh/catkin_ws/devel/.private/pangolin_catkin/include/pangolin/handler/handler.h, /home/rishabh/catkin_ws/devel/include/pangolin/handler/handler.h)
Linked: (/home/rishabh/catkin_ws/devel/.private/pangolin_catkin/include/pangolin/handler/handler_glbuffer.h, /home/rishabh/catkin_ws/devel/include/pangolin/handler/handler_glbuffer.h)
Linked: (/home/rishabh/catkin_ws/devel/.private/pangolin_catkin/include/pangolin/handler/handler_enums.h, /home/rishabh/catkin_ws/devel/include/pangolin/handler/handler_enums.h)
Linked: (/home/rishabh/catkin_ws/devel/.private/pangolin_catkin/include/pangolin/handler/handler_image.h, /home/rishabh/catkin_ws/devel/include/pangolin/handler/handler_image.h)
Linked: (/home/rishabh/catkin_ws/devel/.private/pangolin_catkin/include/pangolin/display/view.h, /home/rishabh/catkin_ws/devel/include/pangolin/display/view.h)
Linked: (/home/rishabh/catkin_ws/devel/.private/pangolin_catkin/include/pangolin/display/viewport.h, /home/rishabh/catkin_ws/devel/include/pangolin/display/viewport.h)
Linked: (/home/rishabh/catkin_ws/devel/.private/pangolin_catkin/include/pangolin/display/opengl_render_state.h, /home/rishabh/catkin_ws/devel/include/pangolin/display/opengl_render_state.h)
Linked: (/home/rishabh/catkin_ws/devel/.private/pangolin_catkin/include/pangolin/display/image_view.h, /home/rishabh/catkin_ws/devel/include/pangolin/display/image_view.h)
Linked: (/home/rishabh/catkin_ws/devel/.private/pangolin_catkin/include/pangolin/display/display.h, /home/rishabh/catkin_ws/devel/include/pangolin/display/display.h)
Linked: (/home/rishabh/catkin_ws/devel/.private/pangolin_catkin/include/pangolin/display/window.h, /home/rishabh/catkin_ws/devel/include/pangolin/display/window.h)
Linked: (/home/rishabh/catkin_ws/devel/.private/pangolin_catkin/include/pangolin/display/attach.h, /home/rishabh/catkin_ws/devel/include/pangolin/display/attach.h)
Linked: (/home/rishabh/catkin_ws/devel/.private/pangolin_catkin/include/pangolin/display/display_internal.h, /home/rishabh/catkin_ws/devel/include/pangolin/display/display_internal.h)
Linked: (/home/rishabh/catkin_ws/devel/.private/pangolin_catkin/include/pangolin/display/user_app.h, /home/rishabh/catkin_ws/devel/include/pangolin/display/user_app.h)
Linked: (/home/rishabh/catkin_ws/devel/.private/pangolin_catkin/include/pangolin/display/widgets/widgets.h, /home/rishabh/catkin_ws/devel/include/pangolin/display/widgets/widgets.h)
Linked: (/home/rishabh/catkin_ws/devel/.private/pangolin_catkin/include/pangolin/display/device/WinWindow.h, /home/rishabh/catkin_ws/devel/include/pangolin/display/device/WinWindow.h)
Linked: (/home/rishabh/catkin_ws/devel/.private/pangolin_catkin/include/pangolin/display/device/OsxWindow.h, /home/rishabh/catkin_ws/devel/include/pangolin/display/device/OsxWindow.h)
Linked: (/home/rishabh/catkin_ws/devel/.private/pangolin_catkin/include/pangolin/display/device/display_glut.h, /home/rishabh/catkin_ws/devel/include/pangolin/display/device/display_glut.h)
Linked: (/home/rishabh/catkin_ws/devel/.private/pangolin_catkin/include/pangolin/display/device/display_android.h, /home/rishabh/catkin_ws/devel/include/pangolin/display/device/display_android.h)
Linked: (/home/rishabh/catkin_ws/devel/.private/pangolin_catkin/include/pangolin/display/device/X11GlContext.h, /home/rishabh/catkin_ws/devel/include/pangolin/display/device/X11GlContext.h)
Linked: (/home/rishabh/catkin_ws/devel/.private/pangolin_catkin/include/pangolin/display/device/PangolinNSGLView.h, /home/rishabh/catkin_ws/devel/include/pangolin/display/device/PangolinNSGLView.h)
Linked: (/home/rishabh/catkin_ws/devel/.private/pangolin_catkin/include/pangolin/display/device/PangolinNSApplication.h, /home/rishabh/catkin_ws/devel/include/pangolin/display/device/PangolinNSApplication.h)
Linked: (/home/rishabh/catkin_ws/devel/.private/pangolin_catkin/include/pangolin/display/device/X11Window.h, /home/rishabh/catkin_ws/devel/include/pangolin/display/device/X11Window.h)
Linked: (/home/rishabh/catkin_ws/devel/.private/pangolin_catkin/share/pangolin_catkin/cmake/pangolin_catkinConfig-version.cmake, /home/rishabh/catkin_ws/devel/share/pangolin_catkin/cmake/pangolin_catkinConfig-version.cmake)
Linked: (/home/rishabh/catkin_ws/devel/.private/pangolin_catkin/share/pangolin_catkin/cmake/pangolin-extras.cmake, /home/rishabh/catkin_ws/devel/share/pangolin_catkin/cmake/pangolin-extras.cmake)
Linked: (/home/rishabh/catkin_ws/devel/.private/pangolin_catkin/share/pangolin_catkin/cmake/pangolin_catkinConfig.cmake, /home/rishabh/catkin_ws/devel/share/pangolin_catkin/cmake/pangolin_catkinConfig.cmake)
