Determining if the pthread_create exist failed with the following output:
Change Dir: /home/rishabh/catkin_ws/build/catkin_simple/CMakeFiles/CMakeTmp

Run Build Command:"/usr/bin/make" "cmTC_3b6d0/fast"
/usr/bin/make -f CMakeFiles/cmTC_3b6d0.dir/build.make CMakeFiles/cmTC_3b6d0.dir/build
make[1]: Entering directory '/home/rishabh/catkin_ws/build/catkin_simple/CMakeFiles/CMakeTmp'
Building C object CMakeFiles/cmTC_3b6d0.dir/CheckSymbolExists.c.o
/usr/bin/cc    -o CMakeFiles/cmTC_3b6d0.dir/CheckSymbolExists.c.o   -c /home/rishabh/catkin_ws/build/catkin_simple/CMakeFiles/CMakeTmp/CheckSymbolExists.c
Linking C executable cmTC_3b6d0
/usr/bin/cmake -E cmake_link_script CMakeFiles/cmTC_3b6d0.dir/link.txt --verbose=1
/usr/bin/cc      -rdynamic CMakeFiles/cmTC_3b6d0.dir/CheckSymbolExists.c.o  -o cmTC_3b6d0 
CMakeFiles/cmTC_3b6d0.dir/CheckSymbolExists.c.o: In function `main':
CheckSymbolExists.c:(.text+0x1b): undefined reference to `pthread_create'
collect2: error: ld returned 1 exit status
CMakeFiles/cmTC_3b6d0.dir/build.make:97: recipe for target 'cmTC_3b6d0' failed
make[1]: *** [cmTC_3b6d0] Error 1
make[1]: Leaving directory '/home/rishabh/catkin_ws/build/catkin_simple/CMakeFiles/CMakeTmp'
Makefile:126: recipe for target 'cmTC_3b6d0/fast' failed
make: *** [cmTC_3b6d0/fast] Error 2

File /home/rishabh/catkin_ws/build/catkin_simple/CMakeFiles/CMakeTmp/CheckSymbolExists.c:
/* */
#include <pthread.h>

int main(int argc, char** argv)
{
  (void)argv;
#ifndef pthread_create
  return ((int*)(&pthread_create))[argc];
#else
  (void)argc;
  return 0;
#endif
}

Determining if the function pthread_create exists in the pthreads failed with the following output:
Change Dir: /home/rishabh/catkin_ws/build/catkin_simple/CMakeFiles/CMakeTmp

Run Build Command:"/usr/bin/make" "cmTC_e138a/fast"
/usr/bin/make -f CMakeFiles/cmTC_e138a.dir/build.make CMakeFiles/cmTC_e138a.dir/build
make[1]: Entering directory '/home/rishabh/catkin_ws/build/catkin_simple/CMakeFiles/CMakeTmp'
Building C object CMakeFiles/cmTC_e138a.dir/CheckFunctionExists.c.o
/usr/bin/cc   -DCHECK_FUNCTION_EXISTS=pthread_create   -o CMakeFiles/cmTC_e138a.dir/CheckFunctionExists.c.o   -c /usr/share/cmake-3.10/Modules/CheckFunctionExists.c
Linking C executable cmTC_e138a
/usr/bin/cmake -E cmake_link_script CMakeFiles/cmTC_e138a.dir/link.txt --verbose=1
/usr/bin/cc  -DCHECK_FUNCTION_EXISTS=pthread_create    -rdynamic CMakeFiles/cmTC_e138a.dir/CheckFunctionExists.c.o  -o cmTC_e138a -lpthreads 
/usr/bin/ld: cannot find -lpthreads
collect2: error: ld returned 1 exit status
CMakeFiles/cmTC_e138a.dir/build.make:97: recipe for target 'cmTC_e138a' failed
make[1]: *** [cmTC_e138a] Error 1
make[1]: Leaving directory '/home/rishabh/catkin_ws/build/catkin_simple/CMakeFiles/CMakeTmp'
Makefile:126: recipe for target 'cmTC_e138a/fast' failed
make: *** [cmTC_e138a/fast] Error 2


