[  7%] Built target local_planner_gencfg
[  7%] Built target std_srvs_generate_messages_py
[  7%] Built target visualization_msgs_generate_messages_py
[  7%] Built target visualization_msgs_generate_messages_nodejs
[  7%] Built target trajectory_msgs_generate_messages_py
[  7%] Built target visualization_msgs_generate_messages_eus
[  7%] Built target trajectory_msgs_generate_messages_eus
[  7%] Built target trajectory_msgs_generate_messages_cpp
[  7%] Built target nav_msgs_generate_messages_nodejs
[  7%] Built target mavros_msgs_generate_messages_py
[  7%] Built target mavros_msgs_generate_messages_nodejs
[  7%] Built target mavros_msgs_generate_messages_eus
[  7%] Built target mavros_msgs_generate_messages_cpp
[  7%] Built target uuid_msgs_generate_messages_nodejs
[  7%] Built target uuid_msgs_generate_messages_lisp
[  7%] Built target uuid_msgs_generate_messages_eus
[  7%] Built target uuid_msgs_generate_messages_cpp
[  7%] Built target geographic_msgs_generate_messages_lisp
[  7%] Built target geographic_msgs_generate_messages_eus
[  7%] Built target geographic_msgs_generate_messages_cpp
[  7%] Built target diagnostic_msgs_generate_messages_py
[  7%] Built target diagnostic_msgs_generate_messages_nodejs
[  7%] Built target diagnostic_msgs_generate_messages_lisp
[  7%] Built target diagnostic_msgs_generate_messages_eus
[  7%] Built target topic_tools_generate_messages_nodejs
[  7%] Built target topic_tools_generate_messages_lisp
[  7%] Built target topic_tools_generate_messages_eus
[  7%] Built target topic_tools_generate_messages_cpp
[  7%] Built target dynamic_reconfigure_generate_messages_py
[  7%] Built target geometry_msgs_generate_messages_py
[  7%] Built target geometry_msgs_generate_messages_lisp
[  7%] Built target dynamic_reconfigure_generate_messages_lisp
[  7%] Built target pcl_msgs_generate_messages_cpp
[  7%] Built target dynamic_reconfigure_generate_messages_eus
[  7%] Built target rosgraph_msgs_generate_messages_cpp
[  7%] Built target std_msgs_generate_messages_nodejs
[  7%] Built target bond_generate_messages_lisp
[  7%] Built target nav_msgs_generate_messages_cpp
[  7%] Built target tf_generate_messages_nodejs
[  7%] Built target sensor_msgs_generate_messages_lisp
[  7%] Built target std_msgs_generate_messages_cpp
[  7%] Built target uuid_msgs_generate_messages_py
[  7%] Built target geographic_msgs_generate_messages_py
[  7%] Built target roscpp_generate_messages_cpp
[  7%] Built target sensor_msgs_generate_messages_nodejs
[  7%] Built target geometry_msgs_generate_messages_nodejs
[  7%] Built target actionlib_generate_messages_cpp
[  7%] Built target std_srvs_generate_messages_eus
[  7%] Built target tf_generate_messages_lisp
[  7%] Built target roscpp_generate_messages_lisp
[  7%] Built target bond_generate_messages_eus
[  7%] Built target std_msgs_generate_messages_lisp
[  7%] Built target roscpp_generate_messages_nodejs
[  7%] Built target geometry_msgs_generate_messages_eus
[  7%] Built target std_msgs_generate_messages_py
[  7%] Built target roscpp_generate_messages_py
[  7%] Built target dynamic_reconfigure_generate_messages_nodejs
[  7%] Built target trajectory_msgs_generate_messages_lisp
[  7%] Built target bond_generate_messages_cpp
[  7%] Built target rosgraph_msgs_generate_messages_eus
[  7%] Built target rosgraph_msgs_generate_messages_lisp
[  7%] Built target dynamic_reconfigure_generate_messages_cpp
[  7%] Built target tf_generate_messages_py
[  7%] Built target nodelet_generate_messages_py
[  7%] Built target sensor_msgs_generate_messages_py
[  7%] Built target std_msgs_generate_messages_eus
[  7%] Built target visualization_msgs_generate_messages_lisp
[  7%] Built target rosgraph_msgs_generate_messages_nodejs
[  7%] Built target mavros_msgs_generate_messages_lisp
[  7%] Built target sensor_msgs_generate_messages_cpp
[  7%] Built target sensor_msgs_generate_messages_eus
[  7%] Built target geometry_msgs_generate_messages_cpp
[  7%] Built target actionlib_generate_messages_lisp
[  7%] Built target nodelet_generate_messages_cpp
[  7%] Built target bond_generate_messages_py
[  7%] Built target std_srvs_generate_messages_nodejs
[  7%] Built target pcl_ros_gencfg
[  7%] Built target tf_generate_messages_eus
[  7%] Built target actionlib_msgs_generate_messages_cpp
[  7%] Built target std_srvs_generate_messages_cpp
[  7%] Built target roscpp_generate_messages_eus
[  7%] Built target rosgraph_msgs_generate_messages_py
[  7%] Built target actionlib_msgs_generate_messages_eus
[  7%] Built target actionlib_msgs_generate_messages_lisp
[  7%] Built target nodelet_generate_messages_lisp
[  7%] Built target actionlib_msgs_generate_messages_py
[  7%] Built target visualization_msgs_generate_messages_cpp
[  7%] Built target tf2_msgs_generate_messages_cpp
[  7%] Built target nav_msgs_generate_messages_eus
[  7%] Built target tf2_msgs_generate_messages_eus
[  7%] Built target nav_msgs_generate_messages_py
[  7%] Built target dynamic_reconfigure_gencfg
[  7%] Built target tf2_msgs_generate_messages_lisp
[  7%] Built target actionlib_generate_messages_py
[  7%] Built target tf2_msgs_generate_messages_py
[  7%] Built target tf2_msgs_generate_messages_nodejs
[  7%] Built target nodelet_generate_messages_eus
[  7%] Built target nodelet_generate_messages_nodejs
[  7%] Built target nav_msgs_generate_messages_lisp
[  7%] Built target pcl_msgs_generate_messages_nodejs
[  7%] Built target trajectory_msgs_generate_messages_nodejs
[  7%] Built target bond_generate_messages_nodejs
[  7%] Built target topic_tools_generate_messages_py
[  7%] Built target actionlib_msgs_generate_messages_nodejs
[  7%] Built target nodelet_topic_tools_gencfg
[  7%] Built target std_srvs_generate_messages_lisp
[  7%] Built target pcl_msgs_generate_messages_eus
[  7%] Built target tf_generate_messages_cpp
[  7%] Built target actionlib_generate_messages_nodejs
[  7%] Built target pcl_msgs_generate_messages_lisp
[  7%] Built target diagnostic_msgs_generate_messages_cpp
[  7%] Built target actionlib_generate_messages_eus
[  7%] Built target pcl_msgs_generate_messages_py
[  7%] Built target geographic_msgs_generate_messages_nodejs
[ 69%] Built target local_planner
[ 84%] Built target local_planner_nodelet
[100%] Built target local_planner_node
