[35m[1mScanning dependencies of target local_planner_gencfg[0m
[35m[1mScanning dependencies of target std_srvs_generate_messages_py[0m
[  0%] Built target std_srvs_generate_messages_py
[  7%] [34m[1mGenerating dynamic reconfigure files from cfg/LocalPlannerNode.cfg: /home/rishabh/catkin_ws/devel/.private/local_planner/include/local_planner/LocalPlannerNodeConfig.h /home/rishabh/catkin_ws/devel/.private/local_planner/lib/python2.7/dist-packages/local_planner/cfg/LocalPlannerNodeConfig.py[0m
[35m[1mScanning dependencies of target visualization_msgs_generate_messages_py[0m
[  7%] Built target visualization_msgs_generate_messages_py
[35m[1mScanning dependencies of target visualization_msgs_generate_messages_nodejs[0m
[  7%] Built target visualization_msgs_generate_messages_nodejs
Generating reconfiguration files for LocalPlannerNode in avoidance
Wrote header file in /home/rishabh/catkin_ws/devel/.private/local_planner/include/local_planner/LocalPlannerNodeConfig.h
[35m[1mScanning dependencies of target visualization_msgs_generate_messages_eus[0m
[  7%] Built target visualization_msgs_generate_messages_eus
[35m[1mScanning dependencies of target trajectory_msgs_generate_messages_py[0m
[  7%] Built target trajectory_msgs_generate_messages_py
[35m[1mScanning dependencies of target trajectory_msgs_generate_messages_eus[0m
[  7%] Built target local_planner_gencfg
[  7%] Built target trajectory_msgs_generate_messages_eus
[35m[1mScanning dependencies of target trajectory_msgs_generate_messages_cpp[0m
[35m[1mScanning dependencies of target nav_msgs_generate_messages_nodejs[0m
[  7%] Built target trajectory_msgs_generate_messages_cpp
[  7%] Built target nav_msgs_generate_messages_nodejs
[35m[1mScanning dependencies of target mavros_msgs_generate_messages_py[0m
[35m[1mScanning dependencies of target mavros_msgs_generate_messages_nodejs[0m
[  7%] Built target mavros_msgs_generate_messages_py
[  7%] Built target mavros_msgs_generate_messages_nodejs
[35m[1mScanning dependencies of target mavros_msgs_generate_messages_eus[0m
[35m[1mScanning dependencies of target mavros_msgs_generate_messages_cpp[0m
[  7%] Built target mavros_msgs_generate_messages_eus
[  7%] Built target mavros_msgs_generate_messages_cpp
[35m[1mScanning dependencies of target uuid_msgs_generate_messages_nodejs[0m
[35m[1mScanning dependencies of target uuid_msgs_generate_messages_lisp[0m
[  7%] Built target uuid_msgs_generate_messages_nodejs
[  7%] Built target uuid_msgs_generate_messages_lisp
[35m[1mScanning dependencies of target uuid_msgs_generate_messages_eus[0m
[35m[1mScanning dependencies of target uuid_msgs_generate_messages_cpp[0m
[  7%] Built target uuid_msgs_generate_messages_eus
[  7%] Built target uuid_msgs_generate_messages_cpp
[35m[1mScanning dependencies of target geographic_msgs_generate_messages_lisp[0m
[35m[1mScanning dependencies of target geographic_msgs_generate_messages_eus[0m
[  7%] Built target geographic_msgs_generate_messages_lisp
[  7%] Built target geographic_msgs_generate_messages_eus
[35m[1mScanning dependencies of target geographic_msgs_generate_messages_cpp[0m
[35m[1mScanning dependencies of target diagnostic_msgs_generate_messages_py[0m
[  7%] Built target geographic_msgs_generate_messages_cpp
[  7%] Built target diagnostic_msgs_generate_messages_py
[35m[1mScanning dependencies of target diagnostic_msgs_generate_messages_nodejs[0m
[35m[1mScanning dependencies of target diagnostic_msgs_generate_messages_lisp[0m
[  7%] Built target diagnostic_msgs_generate_messages_nodejs
[  7%] Built target diagnostic_msgs_generate_messages_lisp
[35m[1mScanning dependencies of target diagnostic_msgs_generate_messages_eus[0m
[35m[1mScanning dependencies of target topic_tools_generate_messages_nodejs[0m
[  7%] Built target diagnostic_msgs_generate_messages_eus
[  7%] Built target topic_tools_generate_messages_nodejs
[35m[1mScanning dependencies of target topic_tools_generate_messages_lisp[0m
[35m[1mScanning dependencies of target topic_tools_generate_messages_eus[0m
[  7%] Built target topic_tools_generate_messages_eus
[  7%] Built target topic_tools_generate_messages_lisp
[35m[1mScanning dependencies of target topic_tools_generate_messages_cpp[0m
[35m[1mScanning dependencies of target geometry_msgs_generate_messages_lisp[0m
[  7%] Built target geometry_msgs_generate_messages_lisp
[  7%] Built target topic_tools_generate_messages_cpp
[35m[1mScanning dependencies of target geometry_msgs_generate_messages_py[0m
[35m[1mScanning dependencies of target dynamic_reconfigure_generate_messages_py[0m
[  7%] Built target geometry_msgs_generate_messages_py
[  7%] Built target dynamic_reconfigure_generate_messages_py
[35m[1mScanning dependencies of target dynamic_reconfigure_generate_messages_lisp[0m
[35m[1mScanning dependencies of target pcl_msgs_generate_messages_cpp[0m
[  7%] Built target dynamic_reconfigure_generate_messages_lisp
[  7%] Built target pcl_msgs_generate_messages_cpp
[35m[1mScanning dependencies of target rosgraph_msgs_generate_messages_cpp[0m
[35m[1mScanning dependencies of target dynamic_reconfigure_generate_messages_eus[0m
[  7%] Built target rosgraph_msgs_generate_messages_cpp
[  7%] Built target dynamic_reconfigure_generate_messages_eus
[35m[1mScanning dependencies of target std_msgs_generate_messages_nodejs[0m
[35m[1mScanning dependencies of target bond_generate_messages_lisp[0m
[  7%] Built target std_msgs_generate_messages_nodejs
[  7%] Built target bond_generate_messages_lisp
[35m[1mScanning dependencies of target tf_generate_messages_nodejs[0m
[35m[1mScanning dependencies of target nav_msgs_generate_messages_cpp[0m
[  7%] Built target tf_generate_messages_nodejs
[  7%] Built target nav_msgs_generate_messages_cpp
[35m[1mScanning dependencies of target sensor_msgs_generate_messages_lisp[0m
[35m[1mScanning dependencies of target std_msgs_generate_messages_cpp[0m
[  7%] Built target std_msgs_generate_messages_cpp
[  7%] Built target sensor_msgs_generate_messages_lisp
[35m[1mScanning dependencies of target geographic_msgs_generate_messages_py[0m
[35m[1mScanning dependencies of target uuid_msgs_generate_messages_py[0m
[  7%] Built target geographic_msgs_generate_messages_py
[  7%] Built target uuid_msgs_generate_messages_py
[35m[1mScanning dependencies of target roscpp_generate_messages_cpp[0m
[35m[1mScanning dependencies of target sensor_msgs_generate_messages_nodejs[0m
[  7%] Built target roscpp_generate_messages_cpp
[  7%] Built target sensor_msgs_generate_messages_nodejs
[35m[1mScanning dependencies of target actionlib_generate_messages_cpp[0m
[35m[1mScanning dependencies of target geometry_msgs_generate_messages_nodejs[0m
[  7%] Built target actionlib_generate_messages_cpp
[  7%] Built target geometry_msgs_generate_messages_nodejs
[35m[1mScanning dependencies of target tf_generate_messages_lisp[0m
[35m[1mScanning dependencies of target std_srvs_generate_messages_eus[0m
[  7%] Built target tf_generate_messages_lisp
[  7%] Built target std_srvs_generate_messages_eus
[35m[1mScanning dependencies of target roscpp_generate_messages_lisp[0m
[  7%] Built target roscpp_generate_messages_lisp
[35m[1mScanning dependencies of target bond_generate_messages_eus[0m
[35m[1mScanning dependencies of target std_msgs_generate_messages_lisp[0m
[  7%] Built target bond_generate_messages_eus
[  7%] Built target std_msgs_generate_messages_lisp
[35m[1mScanning dependencies of target roscpp_generate_messages_nodejs[0m
[35m[1mScanning dependencies of target geometry_msgs_generate_messages_eus[0m
[  7%] Built target roscpp_generate_messages_nodejs
[  7%] Built target geometry_msgs_generate_messages_eus
[35m[1mScanning dependencies of target std_msgs_generate_messages_py[0m
[35m[1mScanning dependencies of target roscpp_generate_messages_py[0m
[  7%] Built target roscpp_generate_messages_py
[  7%] Built target std_msgs_generate_messages_py
[35m[1mScanning dependencies of target dynamic_reconfigure_generate_messages_nodejs[0m
[35m[1mScanning dependencies of target trajectory_msgs_generate_messages_lisp[0m
[  7%] Built target dynamic_reconfigure_generate_messages_nodejs
[  7%] Built target trajectory_msgs_generate_messages_lisp
[35m[1mScanning dependencies of target bond_generate_messages_cpp[0m
[35m[1mScanning dependencies of target rosgraph_msgs_generate_messages_eus[0m
[  7%] Built target bond_generate_messages_cpp
[  7%] Built target rosgraph_msgs_generate_messages_eus
[35m[1mScanning dependencies of target rosgraph_msgs_generate_messages_lisp[0m
[35m[1mScanning dependencies of target dynamic_reconfigure_generate_messages_cpp[0m
[  7%] Built target rosgraph_msgs_generate_messages_lisp
[35m[1mScanning dependencies of target tf_generate_messages_py[0m
[  7%] Built target dynamic_reconfigure_generate_messages_cpp
[35m[1mScanning dependencies of target nodelet_generate_messages_py[0m
[  7%] Built target tf_generate_messages_py
[35m[1mScanning dependencies of target sensor_msgs_generate_messages_py[0m
[  7%] Built target nodelet_generate_messages_py
[35m[1mScanning dependencies of target visualization_msgs_generate_messages_lisp[0m
[  7%] Built target sensor_msgs_generate_messages_py
[35m[1mScanning dependencies of target std_msgs_generate_messages_eus[0m
[  7%] Built target visualization_msgs_generate_messages_lisp
[  7%] Built target std_msgs_generate_messages_eus
[35m[1mScanning dependencies of target rosgraph_msgs_generate_messages_nodejs[0m
[35m[1mScanning dependencies of target mavros_msgs_generate_messages_lisp[0m
[  7%] Built target rosgraph_msgs_generate_messages_nodejs
[  7%] Built target mavros_msgs_generate_messages_lisp
[35m[1mScanning dependencies of target sensor_msgs_generate_messages_cpp[0m
[35m[1mScanning dependencies of target sensor_msgs_generate_messages_eus[0m
[  7%] Built target sensor_msgs_generate_messages_cpp
[  7%] Built target sensor_msgs_generate_messages_eus
[35m[1mScanning dependencies of target geometry_msgs_generate_messages_cpp[0m
[35m[1mScanning dependencies of target actionlib_generate_messages_lisp[0m
[  7%] Built target geometry_msgs_generate_messages_cpp
[  7%] Built target actionlib_generate_messages_lisp
[35m[1mScanning dependencies of target nodelet_generate_messages_cpp[0m
[35m[1mScanning dependencies of target bond_generate_messages_py[0m
[  7%] Built target nodelet_generate_messages_cpp
[  7%] Built target bond_generate_messages_py
[35m[1mScanning dependencies of target std_srvs_generate_messages_nodejs[0m
[35m[1mScanning dependencies of target pcl_ros_gencfg[0m
[  7%] Built target pcl_ros_gencfg
[  7%] Built target std_srvs_generate_messages_nodejs
[35m[1mScanning dependencies of target tf_generate_messages_eus[0m
[  7%] Built target tf_generate_messages_eus
[35m[1mScanning dependencies of target actionlib_msgs_generate_messages_cpp[0m
[  7%] Built target actionlib_msgs_generate_messages_cpp
[35m[1mScanning dependencies of target std_srvs_generate_messages_cpp[0m
[  7%] Built target std_srvs_generate_messages_cpp
[35m[1mScanning dependencies of target roscpp_generate_messages_eus[0m
[35m[1mScanning dependencies of target rosgraph_msgs_generate_messages_py[0m
[  7%] Built target roscpp_generate_messages_eus
[  7%] Built target rosgraph_msgs_generate_messages_py
[35m[1mScanning dependencies of target actionlib_msgs_generate_messages_eus[0m
[  7%] Built target actionlib_msgs_generate_messages_eus
[35m[1mScanning dependencies of target nodelet_generate_messages_lisp[0m
[35m[1mScanning dependencies of target actionlib_msgs_generate_messages_lisp[0m
[  7%] Built target nodelet_generate_messages_lisp
[35m[1mScanning dependencies of target actionlib_msgs_generate_messages_py[0m
[  7%] Built target actionlib_msgs_generate_messages_lisp
[  7%] Built target actionlib_msgs_generate_messages_py
[35m[1mScanning dependencies of target tf2_msgs_generate_messages_cpp[0m
[  7%] Built target tf2_msgs_generate_messages_cpp
[35m[1mScanning dependencies of target visualization_msgs_generate_messages_cpp[0m
[  7%] Built target visualization_msgs_generate_messages_cpp
[35m[1mScanning dependencies of target nav_msgs_generate_messages_eus[0m
[  7%] Built target nav_msgs_generate_messages_eus
[35m[1mScanning dependencies of target tf2_msgs_generate_messages_eus[0m
[  7%] Built target tf2_msgs_generate_messages_eus
[35m[1mScanning dependencies of target nav_msgs_generate_messages_py[0m
[  7%] Built target nav_msgs_generate_messages_py
[35m[1mScanning dependencies of target dynamic_reconfigure_gencfg[0m
[  7%] Built target dynamic_reconfigure_gencfg
[35m[1mScanning dependencies of target tf2_msgs_generate_messages_lisp[0m
[  7%] Built target tf2_msgs_generate_messages_lisp
[35m[1mScanning dependencies of target actionlib_generate_messages_py[0m
[  7%] Built target actionlib_generate_messages_py
[35m[1mScanning dependencies of target tf2_msgs_generate_messages_py[0m
[35m[1mScanning dependencies of target tf2_msgs_generate_messages_nodejs[0m
[  7%] Built target tf2_msgs_generate_messages_py
[  7%] Built target tf2_msgs_generate_messages_nodejs
[35m[1mScanning dependencies of target nodelet_generate_messages_eus[0m
[  7%] Built target nodelet_generate_messages_eus
[35m[1mScanning dependencies of target nodelet_generate_messages_nodejs[0m
[  7%] Built target nodelet_generate_messages_nodejs
[35m[1mScanning dependencies of target nav_msgs_generate_messages_lisp[0m
[  7%] Built target nav_msgs_generate_messages_lisp
[35m[1mScanning dependencies of target pcl_msgs_generate_messages_nodejs[0m
[35m[1mScanning dependencies of target trajectory_msgs_generate_messages_nodejs[0m
[  7%] Built target pcl_msgs_generate_messages_nodejs
[  7%] Built target trajectory_msgs_generate_messages_nodejs
[35m[1mScanning dependencies of target bond_generate_messages_nodejs[0m
[  7%] Built target bond_generate_messages_nodejs
[35m[1mScanning dependencies of target topic_tools_generate_messages_py[0m
[  7%] Built target topic_tools_generate_messages_py
[35m[1mScanning dependencies of target actionlib_msgs_generate_messages_nodejs[0m
[  7%] Built target actionlib_msgs_generate_messages_nodejs
[35m[1mScanning dependencies of target nodelet_topic_tools_gencfg[0m
[  7%] Built target nodelet_topic_tools_gencfg
[35m[1mScanning dependencies of target std_srvs_generate_messages_lisp[0m
[35m[1mScanning dependencies of target pcl_msgs_generate_messages_eus[0m
[  7%] Built target std_srvs_generate_messages_lisp
[  7%] Built target pcl_msgs_generate_messages_eus
[35m[1mScanning dependencies of target tf_generate_messages_cpp[0m
[  7%] Built target tf_generate_messages_cpp
[35m[1mScanning dependencies of target actionlib_generate_messages_nodejs[0m
[  7%] Built target actionlib_generate_messages_nodejs
[35m[1mScanning dependencies of target pcl_msgs_generate_messages_lisp[0m
[  7%] Built target pcl_msgs_generate_messages_lisp
[35m[1mScanning dependencies of target diagnostic_msgs_generate_messages_cpp[0m
[35m[1mScanning dependencies of target actionlib_generate_messages_eus[0m
[  7%] Built target diagnostic_msgs_generate_messages_cpp
[  7%] Built target actionlib_generate_messages_eus
[35m[1mScanning dependencies of target pcl_msgs_generate_messages_py[0m
[  7%] Built target pcl_msgs_generate_messages_py
[35m[1mScanning dependencies of target geographic_msgs_generate_messages_nodejs[0m
[  7%] Built target geographic_msgs_generate_messages_nodejs
[35m[1mScanning dependencies of target local_planner[0m
[ 15%] [32mBuilding CXX object CMakeFiles/local_planner.dir/src/nodes/local_planner.cpp.o[0m
[ 23%] [32mBuilding CXX object CMakeFiles/local_planner.dir/src/nodes/waypoint_generator.cpp.o[0m
[ 30%] [32mBuilding CXX object CMakeFiles/local_planner.dir/src/nodes/tree_node.cpp.o[0m
[ 38%] [32mBuilding CXX object CMakeFiles/local_planner.dir/src/nodes/star_planner.cpp.o[0m
[ 46%] [32mBuilding CXX object CMakeFiles/local_planner.dir/src/nodes/planner_functions.cpp.o[0m
[ 53%] [32mBuilding CXX object CMakeFiles/local_planner.dir/src/nodes/local_planner_visualization.cpp.o[0m
[ 61%] [32mBuilding CXX object CMakeFiles/local_planner.dir/src/utils/trajectory_simulator.cpp.o[0m
[ 69%] [32m[1mLinking CXX shared library /home/rishabh/catkin_ws/devel/.private/local_planner/lib/liblocal_planner.so[0m
[ 69%] Built target local_planner
[35m[1mScanning dependencies of target local_planner_nodelet[0m
[ 76%] [32mBuilding CXX object CMakeFiles/local_planner_nodelet.dir/src/nodes/local_planner_nodelet.cpp.o[0m
[ 84%] [32m[1mLinking CXX shared library /home/rishabh/catkin_ws/devel/.private/local_planner/lib/liblocal_planner_nodelet.so[0m
[ 84%] Built target local_planner_nodelet
[35m[1mScanning dependencies of target local_planner_node[0m
[ 92%] [32mBuilding CXX object CMakeFiles/local_planner_node.dir/src/nodes/local_planner_node_main.cpp.o[0m
[100%] [32m[1mLinking CXX executable /home/rishabh/catkin_ws/devel/.private/local_planner/lib/local_planner/local_planner_node[0m
[100%] Built target local_planner_node
