[  0%] Built target pcl_msgs_generate_messages_py
[  0%] Built target geometry_msgs_generate_messages_cpp
[  0%] Built target std_msgs_generate_messages_cpp
[  0%] Built target visualization_msgs_generate_messages_py
[  0%] Built target _safe_landing_planner_generate_messages_check_deps_SLPGridMsg
[  0%] Built target visualization_msgs_generate_messages_nodejs
[  0%] Built target geometry_msgs_generate_messages_nodejs
[  0%] Built target std_msgs_generate_messages_nodejs
[  0%] Built target visualization_msgs_generate_messages_eus
[  0%] Built target trajectory_msgs_generate_messages_py
[  0%] Built target trajectory_msgs_generate_messages_eus
[  0%] Built target trajectory_msgs_generate_messages_cpp
[  0%] Built target nav_msgs_generate_messages_nodejs
[  0%] Built target mavros_msgs_generate_messages_py
[  0%] Built target mavros_msgs_generate_messages_nodejs
[  0%] Built target mavros_msgs_generate_messages_eus
[  0%] Built target mavros_msgs_generate_messages_cpp
[  0%] Built target uuid_msgs_generate_messages_nodejs
[  0%] Built target uuid_msgs_generate_messages_lisp
[  0%] Built target uuid_msgs_generate_messages_eus
[  0%] Built target uuid_msgs_generate_messages_cpp
[  0%] Built target geographic_msgs_generate_messages_lisp
[  0%] Built target geographic_msgs_generate_messages_eus
[  0%] Built target geographic_msgs_generate_messages_cpp
[  0%] Built target diagnostic_msgs_generate_messages_py
[  0%] Built target diagnostic_msgs_generate_messages_nodejs
[  0%] Built target diagnostic_msgs_generate_messages_lisp
[  0%] Built target diagnostic_msgs_generate_messages_eus
[  0%] Built target topic_tools_generate_messages_nodejs
[  0%] Built target topic_tools_generate_messages_lisp
[  0%] Built target topic_tools_generate_messages_eus
[  0%] Built target topic_tools_generate_messages_cpp
[  0%] Built target geographic_msgs_generate_messages_nodejs
[  0%] Built target std_srvs_generate_messages_py
[  0%] Built target actionlib_generate_messages_cpp
[  0%] Built target sensor_msgs_generate_messages_nodejs
[  0%] Built target roscpp_generate_messages_cpp
[  0%] Built target geographic_msgs_generate_messages_py
[  0%] Built target nav_msgs_generate_messages_cpp
[  0%] Built target sensor_msgs_generate_messages_lisp
[  0%] Built target std_msgs_generate_messages_eus
[  0%] Built target geometry_msgs_generate_messages_eus
[  0%] Built target rosgraph_msgs_generate_messages_lisp
[  0%] Built target rosgraph_msgs_generate_messages_cpp
[  0%] Built target bond_generate_messages_lisp
[  0%] Built target std_msgs_generate_messages_py
[  0%] Built target geometry_msgs_generate_messages_py
[  0%] Built target dynamic_reconfigure_generate_messages_cpp
[  0%] Built target tf_generate_messages_py
[  0%] Built target sensor_msgs_generate_messages_eus
[  0%] Built target mavros_msgs_generate_messages_lisp
[  0%] Built target sensor_msgs_generate_messages_cpp
[  0%] Built target roscpp_generate_messages_nodejs
[  0%] Built target std_msgs_generate_messages_lisp
[  0%] Built target sensor_msgs_generate_messages_py
[  0%] Built target nodelet_generate_messages_py
[  0%] Built target uuid_msgs_generate_messages_py
[  0%] Built target rosgraph_msgs_generate_messages_eus
[  0%] Built target trajectory_msgs_generate_messages_lisp
[  0%] Built target bond_generate_messages_cpp
[  0%] Built target roscpp_generate_messages_py
[  0%] Built target geometry_msgs_generate_messages_lisp
[  0%] Built target std_srvs_generate_messages_eus
[  0%] Built target roscpp_generate_messages_lisp
[  0%] Built target bond_generate_messages_eus
[  0%] Built target tf_generate_messages_lisp
[  0%] Built target tf_generate_messages_nodejs
[  0%] Built target rosgraph_msgs_generate_messages_nodejs
[  0%] Built target visualization_msgs_generate_messages_lisp
[  0%] Built target actionlib_generate_messages_lisp
[  0%] Built target nodelet_generate_messages_cpp
[  0%] Built target bond_generate_messages_py
[  0%] Built target std_srvs_generate_messages_nodejs
[  0%] Built target pcl_ros_gencfg
[  0%] Built target tf_generate_messages_eus
[  0%] Built target actionlib_msgs_generate_messages_cpp
[  0%] Built target std_srvs_generate_messages_cpp
[  0%] Built target roscpp_generate_messages_eus
[  0%] Built target rosgraph_msgs_generate_messages_py
[  0%] Built target actionlib_msgs_generate_messages_eus
[  0%] Built target nodelet_generate_messages_lisp
[  0%] Built target actionlib_msgs_generate_messages_lisp
[  0%] Built target tf2_msgs_generate_messages_cpp
[  0%] Built target actionlib_msgs_generate_messages_py
[  0%] Built target visualization_msgs_generate_messages_cpp
[  0%] Built target nav_msgs_generate_messages_eus
[  0%] Built target tf2_msgs_generate_messages_eus
[  0%] Built target actionlib_generate_messages_py
[  0%] Built target tf2_msgs_generate_messages_py
[  0%] Built target tf2_msgs_generate_messages_nodejs
[  0%] Built target dynamic_reconfigure_generate_messages_eus
[ 10%] Built target safe_landing_planner_gencfg
[ 10%] Built target dynamic_reconfigure_generate_messages_lisp
[ 10%] Built target pcl_msgs_generate_messages_cpp
[ 10%] Built target dynamic_reconfigure_generate_messages_nodejs
[ 10%] Built target dynamic_reconfigure_generate_messages_py
[ 10%] Built target nav_msgs_generate_messages_py
[ 10%] Built target tf2_msgs_generate_messages_lisp
[ 10%] Built target dynamic_reconfigure_gencfg
[ 10%] Built target nodelet_generate_messages_eus
[ 10%] Built target nodelet_generate_messages_nodejs
[ 10%] Built target nav_msgs_generate_messages_lisp
[ 10%] Built target pcl_msgs_generate_messages_nodejs
[ 15%] Built target safe_landing_planner_generate_messages_lisp
[ 15%] Built target trajectory_msgs_generate_messages_nodejs
[ 15%] Built target bond_generate_messages_nodejs
[ 15%] Built target topic_tools_generate_messages_py
[ 15%] Built target actionlib_msgs_generate_messages_nodejs
[ 15%] Built target nodelet_topic_tools_gencfg
[ 15%] Built target _catkin_empty_exported_target
[ 15%] Built target std_srvs_generate_messages_lisp
[ 15%] Built target pcl_msgs_generate_messages_eus
[ 15%] Built target tf_generate_messages_cpp
[ 15%] Built target actionlib_generate_messages_nodejs
[ 15%] Built target pcl_msgs_generate_messages_lisp
[ 15%] Built target diagnostic_msgs_generate_messages_cpp
[ 15%] Built target actionlib_generate_messages_eus
[ 21%] Built target safe_landing_planner_generate_messages_cpp
[ 26%] Built target safe_landing_planner_generate_messages_nodejs
[ 36%] Built target safe_landing_planner_generate_messages_eus
[ 47%] Built target safe_landing_planner_generate_messages_py
[ 47%] Built target safe_landing_planner_generate_messages
[35m[1mScanning dependencies of target safe_landing_planner[0m
[ 52%] [32mBuilding CXX object CMakeFiles/safe_landing_planner.dir/src/nodes/safe_landing_planner_node.cpp.o[0m
[ 57%] [32mBuilding CXX object CMakeFiles/safe_landing_planner.dir/src/nodes/safe_landing_planner.cpp.o[0m
[ 63%] [32mBuilding CXX object CMakeFiles/safe_landing_planner.dir/src/nodes/waypoint_generator.cpp.o[0m
[ 68%] [32mBuilding CXX object CMakeFiles/safe_landing_planner.dir/src/nodes/waypoint_generator_node.cpp.o[0m
[ 73%] [32m[1mLinking CXX shared library /home/rishabh/catkin_ws/devel/.private/safe_landing_planner/lib/libsafe_landing_planner.so[0m
[ 78%] Built target safe_landing_planner
[35m[1mScanning dependencies of target safe_landing_planner_node[0m
[35m[1mScanning dependencies of target waypoint_generator_node[0m
[ 84%] [32mBuilding CXX object CMakeFiles/safe_landing_planner_node.dir/src/nodes/safe_landing_planner_node_main.cpp.o[0m
[ 89%] [32mBuilding CXX object CMakeFiles/waypoint_generator_node.dir/src/nodes/waypoint_generator_node.cpp.o[0m
[ 94%] [32m[1mLinking CXX executable /home/rishabh/catkin_ws/devel/.private/safe_landing_planner/lib/safe_landing_planner/waypoint_generator_node[0m
[100%] [32m[1mLinking CXX executable /home/rishabh/catkin_ws/devel/.private/safe_landing_planner/lib/safe_landing_planner/safe_landing_planner_node[0m
[100%] Built target waypoint_generator_node
[100%] Built target safe_landing_planner_node
