Determining if the pthread_create exist failed with the following output:
Change Dir: /home/rishabh/catkin_ws/build/rotors_gazebo/CMakeFiles/CMakeTmp

Run Build Command:"/usr/bin/make" "cmTC_375f3/fast"
/usr/bin/make -f CMakeFiles/cmTC_375f3.dir/build.make CMakeFiles/cmTC_375f3.dir/build
make[1]: Entering directory '/home/rishabh/catkin_ws/build/rotors_gazebo/CMakeFiles/CMakeTmp'
Building C object CMakeFiles/cmTC_375f3.dir/CheckSymbolExists.c.o
/usr/bin/cc    -o CMakeFiles/cmTC_375f3.dir/CheckSymbolExists.c.o   -c /home/rishabh/catkin_ws/build/rotors_gazebo/CMakeFiles/CMakeTmp/CheckSymbolExists.c
Linking C executable cmTC_375f3
/usr/bin/cmake -E cmake_link_script CMakeFiles/cmTC_375f3.dir/link.txt --verbose=1
/usr/bin/cc      -rdynamic CMakeFiles/cmTC_375f3.dir/CheckSymbolExists.c.o  -o cmTC_375f3 
CMakeFiles/cmTC_375f3.dir/CheckSymbolExists.c.o: In function `main':
CheckSymbolExists.c:(.text+0x1b): undefined reference to `pthread_create'
collect2: error: ld returned 1 exit status
CMakeFiles/cmTC_375f3.dir/build.make:97: recipe for target 'cmTC_375f3' failed
make[1]: *** [cmTC_375f3] Error 1
make[1]: Leaving directory '/home/rishabh/catkin_ws/build/rotors_gazebo/CMakeFiles/CMakeTmp'
Makefile:126: recipe for target 'cmTC_375f3/fast' failed
make: *** [cmTC_375f3/fast] Error 2

File /home/rishabh/catkin_ws/build/rotors_gazebo/CMakeFiles/CMakeTmp/CheckSymbolExists.c:
/* */
#include <pthread.h>

int main(int argc, char** argv)
{
  (void)argv;
#ifndef pthread_create
  return ((int*)(&pthread_create))[argc];
#else
  (void)argc;
  return 0;
#endif
}

Determining if the function pthread_create exists in the pthreads failed with the following output:
Change Dir: /home/rishabh/catkin_ws/build/rotors_gazebo/CMakeFiles/CMakeTmp

Run Build Command:"/usr/bin/make" "cmTC_c3880/fast"
/usr/bin/make -f CMakeFiles/cmTC_c3880.dir/build.make CMakeFiles/cmTC_c3880.dir/build
make[1]: Entering directory '/home/rishabh/catkin_ws/build/rotors_gazebo/CMakeFiles/CMakeTmp'
Building C object CMakeFiles/cmTC_c3880.dir/CheckFunctionExists.c.o
/usr/bin/cc   -DCHECK_FUNCTION_EXISTS=pthread_create   -o CMakeFiles/cmTC_c3880.dir/CheckFunctionExists.c.o   -c /usr/share/cmake-3.10/Modules/CheckFunctionExists.c
Linking C executable cmTC_c3880
/usr/bin/cmake -E cmake_link_script CMakeFiles/cmTC_c3880.dir/link.txt --verbose=1
/usr/bin/cc  -DCHECK_FUNCTION_EXISTS=pthread_create    -rdynamic CMakeFiles/cmTC_c3880.dir/CheckFunctionExists.c.o  -o cmTC_c3880 -lpthreads 
/usr/bin/ld: cannot find -lpthreads
collect2: error: ld returned 1 exit status
CMakeFiles/cmTC_c3880.dir/build.make:97: recipe for target 'cmTC_c3880' failed
make[1]: *** [cmTC_c3880] Error 1
make[1]: Leaving directory '/home/rishabh/catkin_ws/build/rotors_gazebo/CMakeFiles/CMakeTmp'
Makefile:126: recipe for target 'cmTC_c3880/fast' failed
make: *** [cmTC_c3880/fast] Error 2


