[36m--[0m Using CATKIN_DEVEL_PREFIX: /home/rishabh/catkin_ws/devel/.private/dron_basic
[36m--[0m Using CMAKE_PREFIX_PATH: /home/rishabh/catkin_ws/devel;/opt/ros/melodic
[36m--[0m This workspace overlays: /home/rishabh/catkin_ws/devel;/opt/ros/melodic
[36m--[0m Found PythonInterp: /usr/bin/python2 (found suitable version "2.7.17", minimum required is "2")
[36m--[0m Using PYTHON_EXECUTABLE: /usr/bin/python2
[36m--[0m Using Debian Python package layout
[36m--[0m Using empy: /usr/bin/empy
[36m--[0m Using CATKIN_ENABLE_TESTING: ON
[36m--[0m Call enable_testing()
[36m--[0m Using CATKIN_TEST_RESULTS_DIR: /home/rishabh/catkin_ws/build/dron_basic/test_results
[36m--[0m Found gtest sources under '/usr/src/googletest': gtests will be built
[36m--[0m Found gmock sources under '/usr/src/googletest': gmock will be built
[36m--[0m Found PythonInterp: /usr/bin/python2 (found version "2.7.17")
[36m--[0m Using Python nosetests: /usr/bin/nosetests-2.7
[36m--[0m catkin 0.7.29
[36m--[0m BUILD_SHARED_LIBS is on
[36m--[0m Could NOT find mav_trajectory_generation_ross (missing: mav_trajectory_generation_ross_DIR)
[36m--[0m Could not find the required component 'mav_trajectory_generation_ross'. The following CMake error indicates that you either need to install the package with the same name or change your environment so that it can be found.
[31m[1mCMake Error[0m at /opt/ros/melodic/share/catkin/cmake/catkinConfig.cmake:83 (find_package):
  Could not find a package configuration file provided by
  "mav_trajectory_generation_ross" with any of the following names:

    mav_trajectory_generation_rossConfig.cmake
    mav_trajectory_generation_ross-config.cmake

  Add the installation prefix of "mav_trajectory_generation_ross" to
  CMAKE_PREFIX_PATH or set "mav_trajectory_generation_ross_DIR" to a
  directory containing one of the above files.  If
  "mav_trajectory_generation_ross" provides a separate development package or
  SDK, be sure it has been installed.
[36mCall Stack (most recent call first):[0m
  CMakeLists.txt:10 (find_package)


[36m--[0m Configuring incomplete, errors occurred!
See also "/home/rishabh/catkin_ws/build/dron_basic/CMakeFiles/CMakeOutput.log".
See also "/home/rishabh/catkin_ws/build/dron_basic/CMakeFiles/CMakeError.log".
Makefile:574: recipe for target 'cmake_check_build_system' failed
make: *** [cmake_check_build_system] Error 1
