Determining if the pthread_create exist failed with the following output:
Change Dir: /home/rishabh/catkin_ws/build/vrpn_client_ros/CMakeFiles/CMakeTmp

Run Build Command:"/usr/bin/make" "cmTC_bf190/fast"
/usr/bin/make -f CMakeFiles/cmTC_bf190.dir/build.make CMakeFiles/cmTC_bf190.dir/build
make[1]: Entering directory '/home/rishabh/catkin_ws/build/vrpn_client_ros/CMakeFiles/CMakeTmp'
Building C object CMakeFiles/cmTC_bf190.dir/CheckSymbolExists.c.o
/usr/bin/cc    -o CMakeFiles/cmTC_bf190.dir/CheckSymbolExists.c.o   -c /home/rishabh/catkin_ws/build/vrpn_client_ros/CMakeFiles/CMakeTmp/CheckSymbolExists.c
Linking C executable cmTC_bf190
/usr/bin/cmake -E cmake_link_script CMakeFiles/cmTC_bf190.dir/link.txt --verbose=1
/usr/bin/cc      -rdynamic CMakeFiles/cmTC_bf190.dir/CheckSymbolExists.c.o  -o cmTC_bf190 
CMakeFiles/cmTC_bf190.dir/CheckSymbolExists.c.o: In function `main':
CheckSymbolExists.c:(.text+0x1b): undefined reference to `pthread_create'
collect2: error: ld returned 1 exit status
CMakeFiles/cmTC_bf190.dir/build.make:97: recipe for target 'cmTC_bf190' failed
make[1]: *** [cmTC_bf190] Error 1
make[1]: Leaving directory '/home/rishabh/catkin_ws/build/vrpn_client_ros/CMakeFiles/CMakeTmp'
Makefile:126: recipe for target 'cmTC_bf190/fast' failed
make: *** [cmTC_bf190/fast] Error 2

File /home/rishabh/catkin_ws/build/vrpn_client_ros/CMakeFiles/CMakeTmp/CheckSymbolExists.c:
/* */
#include <pthread.h>

int main(int argc, char** argv)
{
  (void)argv;
#ifndef pthread_create
  return ((int*)(&pthread_create))[argc];
#else
  (void)argc;
  return 0;
#endif
}

Determining if the function pthread_create exists in the pthreads failed with the following output:
Change Dir: /home/rishabh/catkin_ws/build/vrpn_client_ros/CMakeFiles/CMakeTmp

Run Build Command:"/usr/bin/make" "cmTC_b3a74/fast"
/usr/bin/make -f CMakeFiles/cmTC_b3a74.dir/build.make CMakeFiles/cmTC_b3a74.dir/build
make[1]: Entering directory '/home/rishabh/catkin_ws/build/vrpn_client_ros/CMakeFiles/CMakeTmp'
Building C object CMakeFiles/cmTC_b3a74.dir/CheckFunctionExists.c.o
/usr/bin/cc   -DCHECK_FUNCTION_EXISTS=pthread_create   -o CMakeFiles/cmTC_b3a74.dir/CheckFunctionExists.c.o   -c /usr/share/cmake-3.10/Modules/CheckFunctionExists.c
Linking C executable cmTC_b3a74
/usr/bin/cmake -E cmake_link_script CMakeFiles/cmTC_b3a74.dir/link.txt --verbose=1
/usr/bin/cc  -DCHECK_FUNCTION_EXISTS=pthread_create    -rdynamic CMakeFiles/cmTC_b3a74.dir/CheckFunctionExists.c.o  -o cmTC_b3a74 -lpthreads 
/usr/bin/ld: cannot find -lpthreads
collect2: error: ld returned 1 exit status
CMakeFiles/cmTC_b3a74.dir/build.make:97: recipe for target 'cmTC_b3a74' failed
make[1]: *** [cmTC_b3a74] Error 1
make[1]: Leaving directory '/home/rishabh/catkin_ws/build/vrpn_client_ros/CMakeFiles/CMakeTmp'
Makefile:126: recipe for target 'cmTC_b3a74/fast' failed
make: *** [cmTC_b3a74/fast] Error 2


