Determining if the pthread_create exist failed with the following output:
Change Dir: /home/rishabh/catkin_ws/build/global_planner/CMakeFiles/CMakeTmp

Run Build Command:"/usr/bin/make" "cmTC_64ddf/fast"
/usr/bin/make -f CMakeFiles/cmTC_64ddf.dir/build.make CMakeFiles/cmTC_64ddf.dir/build
make[1]: Entering directory '/home/rishabh/catkin_ws/build/global_planner/CMakeFiles/CMakeTmp'
Building C object CMakeFiles/cmTC_64ddf.dir/CheckSymbolExists.c.o
/usr/bin/cc    -o CMakeFiles/cmTC_64ddf.dir/CheckSymbolExists.c.o   -c /home/rishabh/catkin_ws/build/global_planner/CMakeFiles/CMakeTmp/CheckSymbolExists.c
Linking C executable cmTC_64ddf
/usr/bin/cmake -E cmake_link_script CMakeFiles/cmTC_64ddf.dir/link.txt --verbose=1
/usr/bin/cc      -rdynamic CMakeFiles/cmTC_64ddf.dir/CheckSymbolExists.c.o  -o cmTC_64ddf 
CMakeFiles/cmTC_64ddf.dir/CheckSymbolExists.c.o: In function `main':
CheckSymbolExists.c:(.text+0x1b): undefined reference to `pthread_create'
collect2: error: ld returned 1 exit status
CMakeFiles/cmTC_64ddf.dir/build.make:97: recipe for target 'cmTC_64ddf' failed
make[1]: *** [cmTC_64ddf] Error 1
make[1]: Leaving directory '/home/rishabh/catkin_ws/build/global_planner/CMakeFiles/CMakeTmp'
Makefile:126: recipe for target 'cmTC_64ddf/fast' failed
make: *** [cmTC_64ddf/fast] Error 2

File /home/rishabh/catkin_ws/build/global_planner/CMakeFiles/CMakeTmp/CheckSymbolExists.c:
/* */
#include <pthread.h>

int main(int argc, char** argv)
{
  (void)argv;
#ifndef pthread_create
  return ((int*)(&pthread_create))[argc];
#else
  (void)argc;
  return 0;
#endif
}

Determining if the function pthread_create exists in the pthreads failed with the following output:
Change Dir: /home/rishabh/catkin_ws/build/global_planner/CMakeFiles/CMakeTmp

Run Build Command:"/usr/bin/make" "cmTC_f49fe/fast"
/usr/bin/make -f CMakeFiles/cmTC_f49fe.dir/build.make CMakeFiles/cmTC_f49fe.dir/build
make[1]: Entering directory '/home/rishabh/catkin_ws/build/global_planner/CMakeFiles/CMakeTmp'
Building C object CMakeFiles/cmTC_f49fe.dir/CheckFunctionExists.c.o
/usr/bin/cc   -DCHECK_FUNCTION_EXISTS=pthread_create   -o CMakeFiles/cmTC_f49fe.dir/CheckFunctionExists.c.o   -c /usr/share/cmake-3.10/Modules/CheckFunctionExists.c
Linking C executable cmTC_f49fe
/usr/bin/cmake -E cmake_link_script CMakeFiles/cmTC_f49fe.dir/link.txt --verbose=1
/usr/bin/cc  -DCHECK_FUNCTION_EXISTS=pthread_create    -rdynamic CMakeFiles/cmTC_f49fe.dir/CheckFunctionExists.c.o  -o cmTC_f49fe -lpthreads 
/usr/bin/ld: cannot find -lpthreads
collect2: error: ld returned 1 exit status
CMakeFiles/cmTC_f49fe.dir/build.make:97: recipe for target 'cmTC_f49fe' failed
make[1]: *** [cmTC_f49fe] Error 1
make[1]: Leaving directory '/home/rishabh/catkin_ws/build/global_planner/CMakeFiles/CMakeTmp'
Makefile:126: recipe for target 'cmTC_f49fe/fast' failed
make: *** [cmTC_f49fe/fast] Error 2


