[  0%] Built target nav_msgs_generate_messages_eus
[ 20%] Built target geometric_controller_gencfg
[ 20%] Built target controller_msgs_generate_messages_py
[ 20%] Built target controller_msgs_generate_messages_nodejs
[ 20%] Built target controller_msgs_generate_messages_cpp
[ 20%] Built target visualization_msgs_generate_messages_py
[ 20%] Built target visualization_msgs_generate_messages_eus
[ 20%] Built target visualization_msgs_generate_messages_nodejs
[ 20%] Built target trajectory_msgs_generate_messages_py
[ 20%] Built target trajectory_msgs_generate_messages_nodejs
[ 20%] Built target trajectory_msgs_generate_messages_lisp
[ 20%] Built target trajectory_msgs_generate_messages_eus
[ 20%] Built target trajectory_msgs_generate_messages_cpp
[ 20%] Built target nav_msgs_generate_messages_nodejs
[ 20%] Built target nav_msgs_generate_messages_lisp
[ 20%] Built target geometry_msgs_generate_messages_lisp
[ 20%] Built target geometry_msgs_generate_messages_py
[ 20%] Built target dynamic_reconfigure_generate_messages_py
[ 20%] Built target mavros_msgs_generate_messages_nodejs
[ 20%] Built target diagnostic_msgs_generate_messages_nodejs
[ 20%] Built target dynamic_reconfigure_generate_messages_lisp
[ 20%] Built target geographic_msgs_generate_messages_cpp
[ 20%] Built target rosgraph_msgs_generate_messages_cpp
[ 20%] Built target dynamic_reconfigure_generate_messages_eus
[ 20%] Built target diagnostic_msgs_generate_messages_lisp
[ 20%] Built target std_msgs_generate_messages_nodejs
[ 20%] Built target tf_generate_messages_nodejs
[ 20%] Built target uuid_msgs_generate_messages_lisp
[ 20%] Built target std_msgs_generate_messages_cpp
[ 20%] Built target actionlib_msgs_generate_messages_nodejs
[ 20%] Built target sensor_msgs_generate_messages_nodejs
[ 20%] Built target actionlib_generate_messages_cpp
[ 20%] Built target geometry_msgs_generate_messages_nodejs
[ 20%] Built target tf_generate_messages_lisp
[ 20%] Built target roscpp_generate_messages_lisp
[ 20%] Built target std_msgs_generate_messages_lisp
[ 20%] Built target roscpp_generate_messages_nodejs
[ 20%] Built target geometry_msgs_generate_messages_eus
[ 20%] Built target controller_msgs_generate_messages_eus
[ 20%] Built target std_msgs_generate_messages_py
[ 20%] Built target roscpp_generate_messages_py
[ 20%] Built target dynamic_reconfigure_generate_messages_nodejs
[ 20%] Built target rosgraph_msgs_generate_messages_eus
[ 20%] Built target rosgraph_msgs_generate_messages_lisp
[ 20%] Built target dynamic_reconfigure_generate_messages_cpp
[ 20%] Built target sensor_msgs_generate_messages_py
[ 20%] Built target tf_generate_messages_py
[ 20%] Built target visualization_msgs_generate_messages_lisp
[ 20%] Built target std_msgs_generate_messages_eus
[ 20%] Built target rosgraph_msgs_generate_messages_nodejs
[ 20%] Built target geographic_msgs_generate_messages_lisp
[ 20%] Built target sensor_msgs_generate_messages_eus
[ 20%] Built target geometry_msgs_generate_messages_cpp
[ 20%] Built target actionlib_generate_messages_lisp
[ 20%] Built target tf_generate_messages_cpp
[ 20%] Built target actionlib_generate_messages_nodejs
[ 20%] Built target controller_msgs_generate_messages_lisp
[ 20%] Built target geographic_msgs_generate_messages_nodejs
[ 20%] Built target tf_generate_messages_eus
[ 20%] Built target actionlib_msgs_generate_messages_cpp
[ 20%] Built target roscpp_generate_messages_eus
[ 20%] Built target rosgraph_msgs_generate_messages_py
[ 20%] Built target actionlib_msgs_generate_messages_eus
[ 20%] Built target actionlib_msgs_generate_messages_lisp
[ 20%] Built target actionlib_generate_messages_eus
[ 20%] Built target diagnostic_msgs_generate_messages_cpp
[ 20%] Built target actionlib_msgs_generate_messages_py
[ 20%] Built target tf2_msgs_generate_messages_cpp
[ 20%] Built target dynamic_reconfigure_gencfg
[ 20%] Built target tf2_msgs_generate_messages_lisp
[ 20%] Built target nav_msgs_generate_messages_py
[ 20%] Built target actionlib_generate_messages_py
[ 20%] Built target tf2_msgs_generate_messages_py
[ 20%] Built target tf2_msgs_generate_messages_nodejs
[ 20%] Built target diagnostic_msgs_generate_messages_eus
[ 20%] Built target diagnostic_msgs_generate_messages_py
[ 20%] Built target uuid_msgs_generate_messages_eus
[ 20%] Built target roscpp_generate_messages_cpp
[ 20%] Built target geographic_msgs_generate_messages_py
[ 20%] Built target geographic_msgs_generate_messages_eus
[ 20%] Built target uuid_msgs_generate_messages_cpp
[ 20%] Built target uuid_msgs_generate_messages_nodejs
[ 20%] Built target uuid_msgs_generate_messages_py
[ 20%] Built target sensor_msgs_generate_messages_cpp
[ 20%] Built target mavros_msgs_generate_messages_lisp
[ 20%] Built target mavros_msgs_generate_messages_cpp
[ 20%] Built target mavros_msgs_generate_messages_eus
[ 20%] Built target sensor_msgs_generate_messages_lisp
[ 20%] Built target mavros_msgs_generate_messages_py
[ 20%] Built target nav_msgs_generate_messages_cpp
[ 20%] Built target visualization_msgs_generate_messages_cpp
[ 20%] Built target tf2_msgs_generate_messages_eus
[ 60%] Built target geometric_controller
[100%] Built target geometric_controller_node
