Not searching for unused variables given on the command line.
[36m--[0m Using CATKIN_DEVEL_PREFIX: /home/rishabh/catkin_ws/devel/.private/vrpn_client_ros
[36m--[0m Using CMAKE_PREFIX_PATH: /home/rishabh/catkin_ws/devel;/opt/ros/melodic
[36m--[0m This workspace overlays: /home/rishabh/catkin_ws/devel;/opt/ros/melodic
[36m--[0m Found PythonInterp: /usr/bin/python2 (found suitable version "2.7.17", minimum required is "2")
[36m--[0m Using PYTHON_EXECUTABLE: /usr/bin/python2
[36m--[0m Using Debian Python package layout
[36m--[0m Using empy: /usr/bin/empy
[36m--[0m Using CATKIN_ENABLE_TESTING: ON
[36m--[0m Call enable_testing()
[36m--[0m Using CATKIN_TEST_RESULTS_DIR: /home/rishabh/catkin_ws/build/vrpn_client_ros/test_results
[36m--[0m Found gtest sources under '/usr/src/googletest': gtests will be built
[36m--[0m Found gmock sources under '/usr/src/googletest': gmock will be built
[36m--[0m Found PythonInterp: /usr/bin/python2 (found version "2.7.17")
[36m--[0m Using Python nosetests: /usr/bin/nosetests-2.7
[36m--[0m catkin 0.7.29
[36m--[0m BUILD_SHARED_LIBS is on
[36m--[0m Using these message generators: gencpp;geneus;genlisp;gennodejs;genpy
[31m[1mCMake Error[0m at /home/rishabh/catkin_ws/src/vrpn_client_ros/CMakeLists.txt:5 (find_package):
  By not providing "FindVRPN.cmake" in CMAKE_MODULE_PATH this project has
  asked CMake to find a package configuration file provided by "VRPN", but
  CMake did not find one.

  Could not find a package configuration file provided by "VRPN" with any of
  the following names:

    VRPNConfig.cmake
    vrpn-config.cmake

  Add the installation prefix of "VRPN" to CMAKE_PREFIX_PATH or set
  "VRPN_DIR" to a directory containing one of the above files.  If "VRPN"
  provides a separate development package or SDK, be sure it has been
  installed.


[36m--[0m Configuring incomplete, errors occurred!
See also "/home/rishabh/catkin_ws/build/vrpn_client_ros/CMakeFiles/CMakeOutput.log".
See also "/home/rishabh/catkin_ws/build/vrpn_client_ros/CMakeFiles/CMakeError.log".
