Linked: (/home/rishabh/catkin_ws/devel/.private/rotors_comm/lib/pkgconfig/rotors_comm.pc, /home/rishabh/catkin_ws/devel/lib/pkgconfig/rotors_comm.pc)
Linked: (/home/rishabh/catkin_ws/devel/.private/rotors_comm/lib/python2.7/dist-packages/rotors_comm/__init__.py, /home/rishabh/catkin_ws/devel/lib/python2.7/dist-packages/rotors_comm/__init__.py)
Linked: (/home/rishabh/catkin_ws/devel/.private/rotors_comm/lib/python2.7/dist-packages/rotors_comm/srv/_Octomap.py, /home/rishabh/catkin_ws/devel/lib/python2.7/dist-packages/rotors_comm/srv/_Octomap.py)
Linked: (/home/rishabh/catkin_ws/devel/.private/rotors_comm/lib/python2.7/dist-packages/rotors_comm/srv/__init__.py, /home/rishabh/catkin_ws/devel/lib/python2.7/dist-packages/rotors_comm/srv/__init__.py)
Linked: (/home/rishabh/catkin_ws/devel/.private/rotors_comm/lib/python2.7/dist-packages/rotors_comm/srv/_RecordRosbag.py, /home/rishabh/catkin_ws/devel/lib/python2.7/dist-packages/rotors_comm/srv/_RecordRosbag.py)
Linked: (/home/rishabh/catkin_ws/devel/.private/rotors_comm/lib/python2.7/dist-packages/rotors_comm/msg/_WindSpeed.py, /home/rishabh/catkin_ws/devel/lib/python2.7/dist-packages/rotors_comm/msg/_WindSpeed.py)
Linked: (/home/rishabh/catkin_ws/devel/.private/rotors_comm/lib/python2.7/dist-packages/rotors_comm/msg/__init__.py, /home/rishabh/catkin_ws/devel/lib/python2.7/dist-packages/rotors_comm/msg/__init__.py)
Linked: (/home/rishabh/catkin_ws/devel/.private/rotors_comm/include/rotors_comm/Octomap.h, /home/rishabh/catkin_ws/devel/include/rotors_comm/Octomap.h)
Linked: (/home/rishabh/catkin_ws/devel/.private/rotors_comm/include/rotors_comm/OctomapResponse.h, /home/rishabh/catkin_ws/devel/include/rotors_comm/OctomapResponse.h)
Linked: (/home/rishabh/catkin_ws/devel/.private/rotors_comm/include/rotors_comm/RecordRosbag.h, /home/rishabh/catkin_ws/devel/include/rotors_comm/RecordRosbag.h)
Linked: (/home/rishabh/catkin_ws/devel/.private/rotors_comm/include/rotors_comm/RecordRosbagResponse.h, /home/rishabh/catkin_ws/devel/include/rotors_comm/RecordRosbagResponse.h)
Linked: (/home/rishabh/catkin_ws/devel/.private/rotors_comm/include/rotors_comm/WindSpeed.h, /home/rishabh/catkin_ws/devel/include/rotors_comm/WindSpeed.h)
Linked: (/home/rishabh/catkin_ws/devel/.private/rotors_comm/include/rotors_comm/RecordRosbagRequest.h, /home/rishabh/catkin_ws/devel/include/rotors_comm/RecordRosbagRequest.h)
Linked: (/home/rishabh/catkin_ws/devel/.private/rotors_comm/include/rotors_comm/OctomapRequest.h, /home/rishabh/catkin_ws/devel/include/rotors_comm/OctomapRequest.h)
Linked: (/home/rishabh/catkin_ws/devel/.private/rotors_comm/share/rotors_comm/cmake/rotors_commConfig-version.cmake, /home/rishabh/catkin_ws/devel/share/rotors_comm/cmake/rotors_commConfig-version.cmake)
Linked: (/home/rishabh/catkin_ws/devel/.private/rotors_comm/share/rotors_comm/cmake/rotors_comm-msg-paths.cmake, /home/rishabh/catkin_ws/devel/share/rotors_comm/cmake/rotors_comm-msg-paths.cmake)
Linked: (/home/rishabh/catkin_ws/devel/.private/rotors_comm/share/rotors_comm/cmake/rotors_commConfig.cmake, /home/rishabh/catkin_ws/devel/share/rotors_comm/cmake/rotors_commConfig.cmake)
Linked: (/home/rishabh/catkin_ws/devel/.private/rotors_comm/share/rotors_comm/cmake/rotors_comm-msg-extras.cmake, /home/rishabh/catkin_ws/devel/share/rotors_comm/cmake/rotors_comm-msg-extras.cmake)
Linked: (/home/rishabh/catkin_ws/devel/.private/rotors_comm/share/gennodejs/ros/rotors_comm/_index.js, /home/rishabh/catkin_ws/devel/share/gennodejs/ros/rotors_comm/_index.js)
Linked: (/home/rishabh/catkin_ws/devel/.private/rotors_comm/share/gennodejs/ros/rotors_comm/srv/_index.js, /home/rishabh/catkin_ws/devel/share/gennodejs/ros/rotors_comm/srv/_index.js)
Linked: (/home/rishabh/catkin_ws/devel/.private/rotors_comm/share/gennodejs/ros/rotors_comm/srv/RecordRosbag.js, /home/rishabh/catkin_ws/devel/share/gennodejs/ros/rotors_comm/srv/RecordRosbag.js)
Linked: (/home/rishabh/catkin_ws/devel/.private/rotors_comm/share/gennodejs/ros/rotors_comm/srv/Octomap.js, /home/rishabh/catkin_ws/devel/share/gennodejs/ros/rotors_comm/srv/Octomap.js)
Linked: (/home/rishabh/catkin_ws/devel/.private/rotors_comm/share/gennodejs/ros/rotors_comm/msg/_index.js, /home/rishabh/catkin_ws/devel/share/gennodejs/ros/rotors_comm/msg/_index.js)
Linked: (/home/rishabh/catkin_ws/devel/.private/rotors_comm/share/gennodejs/ros/rotors_comm/msg/WindSpeed.js, /home/rishabh/catkin_ws/devel/share/gennodejs/ros/rotors_comm/msg/WindSpeed.js)
Linked: (/home/rishabh/catkin_ws/devel/.private/rotors_comm/share/common-lisp/ros/rotors_comm/srv/Octomap.lisp, /home/rishabh/catkin_ws/devel/share/common-lisp/ros/rotors_comm/srv/Octomap.lisp)
Linked: (/home/rishabh/catkin_ws/devel/.private/rotors_comm/share/common-lisp/ros/rotors_comm/srv/_package_Octomap.lisp, /home/rishabh/catkin_ws/devel/share/common-lisp/ros/rotors_comm/srv/_package_Octomap.lisp)
Linked: (/home/rishabh/catkin_ws/devel/.private/rotors_comm/share/common-lisp/ros/rotors_comm/srv/rotors_comm-srv.asd, /home/rishabh/catkin_ws/devel/share/common-lisp/ros/rotors_comm/srv/rotors_comm-srv.asd)
Linked: (/home/rishabh/catkin_ws/devel/.private/rotors_comm/share/common-lisp/ros/rotors_comm/srv/_package.lisp, /home/rishabh/catkin_ws/devel/share/common-lisp/ros/rotors_comm/srv/_package.lisp)
Linked: (/home/rishabh/catkin_ws/devel/.private/rotors_comm/share/common-lisp/ros/rotors_comm/srv/RecordRosbag.lisp, /home/rishabh/catkin_ws/devel/share/common-lisp/ros/rotors_comm/srv/RecordRosbag.lisp)
Linked: (/home/rishabh/catkin_ws/devel/.private/rotors_comm/share/common-lisp/ros/rotors_comm/srv/_package_RecordRosbag.lisp, /home/rishabh/catkin_ws/devel/share/common-lisp/ros/rotors_comm/srv/_package_RecordRosbag.lisp)
Linked: (/home/rishabh/catkin_ws/devel/.private/rotors_comm/share/common-lisp/ros/rotors_comm/msg/WindSpeed.lisp, /home/rishabh/catkin_ws/devel/share/common-lisp/ros/rotors_comm/msg/WindSpeed.lisp)
Linked: (/home/rishabh/catkin_ws/devel/.private/rotors_comm/share/common-lisp/ros/rotors_comm/msg/_package_WindSpeed.lisp, /home/rishabh/catkin_ws/devel/share/common-lisp/ros/rotors_comm/msg/_package_WindSpeed.lisp)
Linked: (/home/rishabh/catkin_ws/devel/.private/rotors_comm/share/common-lisp/ros/rotors_comm/msg/_package.lisp, /home/rishabh/catkin_ws/devel/share/common-lisp/ros/rotors_comm/msg/_package.lisp)
Linked: (/home/rishabh/catkin_ws/devel/.private/rotors_comm/share/common-lisp/ros/rotors_comm/msg/rotors_comm-msg.asd, /home/rishabh/catkin_ws/devel/share/common-lisp/ros/rotors_comm/msg/rotors_comm-msg.asd)
Linked: (/home/rishabh/catkin_ws/devel/.private/rotors_comm/share/roseus/ros/rotors_comm/manifest.l, /home/rishabh/catkin_ws/devel/share/roseus/ros/rotors_comm/manifest.l)
Linked: (/home/rishabh/catkin_ws/devel/.private/rotors_comm/share/roseus/ros/rotors_comm/srv/RecordRosbag.l, /home/rishabh/catkin_ws/devel/share/roseus/ros/rotors_comm/srv/RecordRosbag.l)
Linked: (/home/rishabh/catkin_ws/devel/.private/rotors_comm/share/roseus/ros/rotors_comm/srv/Octomap.l, /home/rishabh/catkin_ws/devel/share/roseus/ros/rotors_comm/srv/Octomap.l)
Linked: (/home/rishabh/catkin_ws/devel/.private/rotors_comm/share/roseus/ros/rotors_comm/msg/WindSpeed.l, /home/rishabh/catkin_ws/devel/share/roseus/ros/rotors_comm/msg/WindSpeed.l)
