[  0%] Built target _rotors_comm_generate_messages_check_deps_WindSpeed
[  0%] Built target std_msgs_generate_messages_lisp
[  0%] Built target _rotors_comm_generate_messages_check_deps_RecordRosbag
[  0%] Built target geometry_msgs_generate_messages_lisp
[  0%] Built target octomap_msgs_generate_messages_lisp
[  0%] Built target std_msgs_generate_messages_nodejs
[  0%] Built target _rotors_comm_generate_messages_check_deps_Octomap
[  0%] Built target geometry_msgs_generate_messages_nodejs
[  0%] Built target octomap_msgs_generate_messages_cpp
[  0%] Built target octomap_msgs_generate_messages_nodejs
[  0%] Built target std_msgs_generate_messages_cpp
[  0%] Built target geometry_msgs_generate_messages_cpp
[  0%] Built target geometry_msgs_generate_messages_py
[  0%] Built target std_msgs_generate_messages_py
[  0%] Built target octomap_msgs_generate_messages_py
[  0%] Built target std_msgs_generate_messages_eus
[  0%] Built target geometry_msgs_generate_messages_eus
[  0%] Built target octomap_msgs_generate_messages_eus
[  5%] [34m[1mGenerating Lisp code from rotors_comm/WindSpeed.msg[0m
[ 11%] [34m[1mGenerating Javascript code from rotors_comm/WindSpeed.msg[0m
[ 16%] [34m[1mGenerating Lisp code from rotors_comm/Octomap.srv[0m
[ 22%] [34m[1mGenerating Javascript code from rotors_comm/Octomap.srv[0m
[ 27%] Built target rotors_comm_generate_messages_nodejs
[ 33%] Built target rotors_comm_generate_messages_lisp
[ 38%] [34m[1mGenerating C++ code from rotors_comm/WindSpeed.msg[0m
[ 44%] [34m[1mGenerating Python from MSG rotors_comm/WindSpeed[0m
[ 50%] [34m[1mGenerating Python code from SRV rotors_comm/Octomap[0m
[ 55%] [34m[1mGenerating C++ code from rotors_comm/Octomap.srv[0m
[ 61%] [34m[1mGenerating Python msg __init__.py for rotors_comm[0m
[ 66%] [34m[1mGenerating EusLisp code from rotors_comm/WindSpeed.msg[0m
[ 72%] [34m[1mGenerating EusLisp code from rotors_comm/Octomap.srv[0m
[ 77%] [34m[1mGenerating Python srv __init__.py for rotors_comm[0m
[ 88%] Built target rotors_comm_generate_messages_eus
[ 94%] Built target rotors_comm_generate_messages_py
[100%] Built target rotors_comm_generate_messages_cpp
[100%] Built target rotors_comm_generate_messages
