Determining if the pthread_create exist failed with the following output:
Change Dir: /home/rishabh/catkin_ws/build/mav_system_msgs/CMakeFiles/CMakeTmp

Run Build Command:"/usr/bin/make" "cmTC_94170/fast"
/usr/bin/make -f CMakeFiles/cmTC_94170.dir/build.make CMakeFiles/cmTC_94170.dir/build
make[1]: Entering directory '/home/rishabh/catkin_ws/build/mav_system_msgs/CMakeFiles/CMakeTmp'
Building C object CMakeFiles/cmTC_94170.dir/CheckSymbolExists.c.o
/usr/bin/cc    -o CMakeFiles/cmTC_94170.dir/CheckSymbolExists.c.o   -c /home/rishabh/catkin_ws/build/mav_system_msgs/CMakeFiles/CMakeTmp/CheckSymbolExists.c
Linking C executable cmTC_94170
/usr/bin/cmake -E cmake_link_script CMakeFiles/cmTC_94170.dir/link.txt --verbose=1
/usr/bin/cc      -rdynamic CMakeFiles/cmTC_94170.dir/CheckSymbolExists.c.o  -o cmTC_94170 
CMakeFiles/cmTC_94170.dir/CheckSymbolExists.c.o: In function `main':
CheckSymbolExists.c:(.text+0x1b): undefined reference to `pthread_create'
collect2: error: ld returned 1 exit status
CMakeFiles/cmTC_94170.dir/build.make:97: recipe for target 'cmTC_94170' failed
make[1]: *** [cmTC_94170] Error 1
make[1]: Leaving directory '/home/rishabh/catkin_ws/build/mav_system_msgs/CMakeFiles/CMakeTmp'
Makefile:126: recipe for target 'cmTC_94170/fast' failed
make: *** [cmTC_94170/fast] Error 2

File /home/rishabh/catkin_ws/build/mav_system_msgs/CMakeFiles/CMakeTmp/CheckSymbolExists.c:
/* */
#include <pthread.h>

int main(int argc, char** argv)
{
  (void)argv;
#ifndef pthread_create
  return ((int*)(&pthread_create))[argc];
#else
  (void)argc;
  return 0;
#endif
}

Determining if the function pthread_create exists in the pthreads failed with the following output:
Change Dir: /home/rishabh/catkin_ws/build/mav_system_msgs/CMakeFiles/CMakeTmp

Run Build Command:"/usr/bin/make" "cmTC_0df23/fast"
/usr/bin/make -f CMakeFiles/cmTC_0df23.dir/build.make CMakeFiles/cmTC_0df23.dir/build
make[1]: Entering directory '/home/rishabh/catkin_ws/build/mav_system_msgs/CMakeFiles/CMakeTmp'
Building C object CMakeFiles/cmTC_0df23.dir/CheckFunctionExists.c.o
/usr/bin/cc   -DCHECK_FUNCTION_EXISTS=pthread_create   -o CMakeFiles/cmTC_0df23.dir/CheckFunctionExists.c.o   -c /usr/share/cmake-3.10/Modules/CheckFunctionExists.c
Linking C executable cmTC_0df23
/usr/bin/cmake -E cmake_link_script CMakeFiles/cmTC_0df23.dir/link.txt --verbose=1
/usr/bin/cc  -DCHECK_FUNCTION_EXISTS=pthread_create    -rdynamic CMakeFiles/cmTC_0df23.dir/CheckFunctionExists.c.o  -o cmTC_0df23 -lpthreads 
/usr/bin/ld: cannot find -lpthreads
collect2: error: ld returned 1 exit status
CMakeFiles/cmTC_0df23.dir/build.make:97: recipe for target 'cmTC_0df23' failed
make[1]: *** [cmTC_0df23] Error 1
make[1]: Leaving directory '/home/rishabh/catkin_ws/build/mav_system_msgs/CMakeFiles/CMakeTmp'
Makefile:126: recipe for target 'cmTC_0df23/fast' failed
make: *** [cmTC_0df23/fast] Error 2


