[  0%] Built target std_msgs_generate_messages_eus
[  0%] Built target _global_planner_generate_messages_check_deps_PathWithRiskMsg
[  0%] Built target geometry_msgs_generate_messages_eus
[  0%] Built target std_msgs_generate_messages_py
[  0%] Built target geometry_msgs_generate_messages_py
[  0%] Built target geometry_msgs_generate_messages_cpp
[  0%] Built target std_msgs_generate_messages_cpp
[  0%] Built target std_msgs_generate_messages_lisp
[  0%] Built target geometry_msgs_generate_messages_lisp
[  0%] Built target geometry_msgs_generate_messages_nodejs
[  0%] Built target std_msgs_generate_messages_nodejs
[  6%] Built target global_planner_gencfg
[  6%] Built target std_srvs_generate_messages_py
[  6%] Built target visualization_msgs_generate_messages_py
[  6%] Built target visualization_msgs_generate_messages_nodejs
[  6%] Built target visualization_msgs_generate_messages_eus
[  6%] Built target trajectory_msgs_generate_messages_py
[  6%] Built target trajectory_msgs_generate_messages_eus
[  6%] Built target trajectory_msgs_generate_messages_cpp
[  6%] Built target nav_msgs_generate_messages_nodejs
[  6%] Built target diagnostic_msgs_generate_messages_py
[  6%] Built target diagnostic_msgs_generate_messages_nodejs
[  6%] Built target diagnostic_msgs_generate_messages_lisp
[  6%] Built target diagnostic_msgs_generate_messages_eus
[  6%] Built target uuid_msgs_generate_messages_nodejs
[  6%] Built target uuid_msgs_generate_messages_lisp
[  6%] Built target uuid_msgs_generate_messages_eus
[  6%] Built target uuid_msgs_generate_messages_cpp
[  6%] Built target geographic_msgs_generate_messages_lisp
[  6%] Built target geographic_msgs_generate_messages_eus
[  6%] Built target geographic_msgs_generate_messages_cpp
[  6%] Built target mavros_msgs_generate_messages_py
[  6%] Built target mavros_msgs_generate_messages_nodejs
[  6%] Built target mavros_msgs_generate_messages_eus
[  6%] Built target mavros_msgs_generate_messages_cpp
[  6%] Built target topic_tools_generate_messages_nodejs
[  6%] Built target topic_tools_generate_messages_lisp
[  6%] Built target topic_tools_generate_messages_eus
[  6%] Built target topic_tools_generate_messages_cpp
[  6%] Built target dynamic_reconfigure_generate_messages_py
[  6%] Built target dynamic_reconfigure_generate_messages_lisp
[  6%] Built target pcl_msgs_generate_messages_cpp
[  6%] Built target rosgraph_msgs_generate_messages_cpp
[  6%] Built target dynamic_reconfigure_generate_messages_eus
[  6%] Built target bond_generate_messages_lisp
[  6%] Built target tf_generate_messages_nodejs
[  6%] Built target nav_msgs_generate_messages_cpp
[  6%] Built target sensor_msgs_generate_messages_lisp
[  6%] Built target geographic_msgs_generate_messages_py
[  6%] Built target uuid_msgs_generate_messages_py
[  6%] Built target roscpp_generate_messages_cpp
[  6%] Built target sensor_msgs_generate_messages_nodejs
[  6%] Built target actionlib_generate_messages_cpp
[  6%] Built target tf_generate_messages_lisp
[  6%] Built target std_srvs_generate_messages_eus
[  6%] Built target roscpp_generate_messages_lisp
[  6%] Built target bond_generate_messages_eus
[  6%] Built target roscpp_generate_messages_nodejs
[  6%] Built target roscpp_generate_messages_py
[  6%] Built target dynamic_reconfigure_generate_messages_nodejs
[  6%] Built target trajectory_msgs_generate_messages_lisp
[  6%] Built target bond_generate_messages_cpp
[  6%] Built target rosgraph_msgs_generate_messages_eus
[  6%] Built target rosgraph_msgs_generate_messages_lisp
[  6%] Built target dynamic_reconfigure_generate_messages_cpp
[  6%] Built target tf_generate_messages_py
[  6%] Built target nodelet_generate_messages_py
[  6%] Built target sensor_msgs_generate_messages_py
[  6%] Built target visualization_msgs_generate_messages_lisp
[  6%] Built target rosgraph_msgs_generate_messages_nodejs
[  6%] Built target mavros_msgs_generate_messages_lisp
[  6%] Built target sensor_msgs_generate_messages_cpp
[  6%] Built target sensor_msgs_generate_messages_eus
[  6%] Built target actionlib_generate_messages_lisp
[  6%] Built target nodelet_generate_messages_cpp
[  6%] Built target bond_generate_messages_py
[  6%] Built target std_srvs_generate_messages_nodejs
[  6%] Built target pcl_ros_gencfg
[  6%] Built target tf_generate_messages_eus
[  6%] Built target actionlib_msgs_generate_messages_cpp
[  6%] Built target std_srvs_generate_messages_cpp
[  6%] Built target roscpp_generate_messages_eus
[  6%] Built target rosgraph_msgs_generate_messages_py
[  6%] Built target actionlib_msgs_generate_messages_eus
[  6%] Built target nodelet_generate_messages_lisp
[  6%] Built target actionlib_msgs_generate_messages_lisp
[  6%] Built target actionlib_msgs_generate_messages_py
[  6%] Built target tf2_msgs_generate_messages_cpp
[  6%] Built target visualization_msgs_generate_messages_cpp
[  6%] Built target nav_msgs_generate_messages_eus
[  6%] Built target tf2_msgs_generate_messages_eus
[  6%] Built target nav_msgs_generate_messages_py
[  6%] Built target dynamic_reconfigure_gencfg
[  6%] Built target tf2_msgs_generate_messages_lisp
[  6%] Built target actionlib_generate_messages_py
[  6%] Built target tf2_msgs_generate_messages_py
[  6%] Built target tf2_msgs_generate_messages_nodejs
[  6%] Built target nodelet_generate_messages_eus
[  6%] Built target nodelet_generate_messages_nodejs
[  6%] Built target nav_msgs_generate_messages_lisp
[  6%] Built target pcl_msgs_generate_messages_nodejs
[  6%] Built target trajectory_msgs_generate_messages_nodejs
[  6%] Built target bond_generate_messages_nodejs
[  6%] Built target topic_tools_generate_messages_py
[  6%] Built target actionlib_msgs_generate_messages_nodejs
[  6%] Built target nodelet_topic_tools_gencfg
[  6%] Built target std_srvs_generate_messages_lisp
[  6%] Built target pcl_msgs_generate_messages_eus
[  6%] Built target actionlib_generate_messages_nodejs
[  6%] Built target tf_generate_messages_cpp
[  6%] Built target pcl_msgs_generate_messages_lisp
[  6%] Built target diagnostic_msgs_generate_messages_cpp
[  6%] Built target actionlib_generate_messages_eus
[  6%] Built target pcl_msgs_generate_messages_py
[  6%] Built target geographic_msgs_generate_messages_nodejs
[ 20%] Built target global_planner_generate_messages_eus
[ 33%] Built target global_planner_generate_messages_py
[ 40%] Built target global_planner_generate_messages_cpp
[ 46%] Built target global_planner_generate_messages_lisp
[ 53%] Built target global_planner_generate_messages_nodejs
[ 53%] Built target global_planner_generate_messages
[ 86%] Built target global_planner
[100%] Built target global_planner_node
