Determining if the pthread_create exist failed with the following output:
Change Dir: /home/rishabh/catkin_ws/build/rotors_hil_interface/CMakeFiles/CMakeTmp

Run Build Command:"/usr/bin/make" "cmTC_2e220/fast"
/usr/bin/make -f CMakeFiles/cmTC_2e220.dir/build.make CMakeFiles/cmTC_2e220.dir/build
make[1]: Entering directory '/home/rishabh/catkin_ws/build/rotors_hil_interface/CMakeFiles/CMakeTmp'
Building C object CMakeFiles/cmTC_2e220.dir/CheckSymbolExists.c.o
/usr/bin/cc    -o CMakeFiles/cmTC_2e220.dir/CheckSymbolExists.c.o   -c /home/rishabh/catkin_ws/build/rotors_hil_interface/CMakeFiles/CMakeTmp/CheckSymbolExists.c
Linking C executable cmTC_2e220
/usr/bin/cmake -E cmake_link_script CMakeFiles/cmTC_2e220.dir/link.txt --verbose=1
/usr/bin/cc      -rdynamic CMakeFiles/cmTC_2e220.dir/CheckSymbolExists.c.o  -o cmTC_2e220 
CMakeFiles/cmTC_2e220.dir/CheckSymbolExists.c.o: In function `main':
CheckSymbolExists.c:(.text+0x1b): undefined reference to `pthread_create'
collect2: error: ld returned 1 exit status
CMakeFiles/cmTC_2e220.dir/build.make:97: recipe for target 'cmTC_2e220' failed
make[1]: *** [cmTC_2e220] Error 1
make[1]: Leaving directory '/home/rishabh/catkin_ws/build/rotors_hil_interface/CMakeFiles/CMakeTmp'
Makefile:126: recipe for target 'cmTC_2e220/fast' failed
make: *** [cmTC_2e220/fast] Error 2

File /home/rishabh/catkin_ws/build/rotors_hil_interface/CMakeFiles/CMakeTmp/CheckSymbolExists.c:
/* */
#include <pthread.h>

int main(int argc, char** argv)
{
  (void)argv;
#ifndef pthread_create
  return ((int*)(&pthread_create))[argc];
#else
  (void)argc;
  return 0;
#endif
}

Determining if the function pthread_create exists in the pthreads failed with the following output:
Change Dir: /home/rishabh/catkin_ws/build/rotors_hil_interface/CMakeFiles/CMakeTmp

Run Build Command:"/usr/bin/make" "cmTC_bc0e8/fast"
/usr/bin/make -f CMakeFiles/cmTC_bc0e8.dir/build.make CMakeFiles/cmTC_bc0e8.dir/build
make[1]: Entering directory '/home/rishabh/catkin_ws/build/rotors_hil_interface/CMakeFiles/CMakeTmp'
Building C object CMakeFiles/cmTC_bc0e8.dir/CheckFunctionExists.c.o
/usr/bin/cc   -DCHECK_FUNCTION_EXISTS=pthread_create   -o CMakeFiles/cmTC_bc0e8.dir/CheckFunctionExists.c.o   -c /usr/share/cmake-3.10/Modules/CheckFunctionExists.c
Linking C executable cmTC_bc0e8
/usr/bin/cmake -E cmake_link_script CMakeFiles/cmTC_bc0e8.dir/link.txt --verbose=1
/usr/bin/cc  -DCHECK_FUNCTION_EXISTS=pthread_create    -rdynamic CMakeFiles/cmTC_bc0e8.dir/CheckFunctionExists.c.o  -o cmTC_bc0e8 -lpthreads 
/usr/bin/ld: cannot find -lpthreads
collect2: error: ld returned 1 exit status
CMakeFiles/cmTC_bc0e8.dir/build.make:97: recipe for target 'cmTC_bc0e8' failed
make[1]: *** [cmTC_bc0e8] Error 1
make[1]: Leaving directory '/home/rishabh/catkin_ws/build/rotors_hil_interface/CMakeFiles/CMakeTmp'
Makefile:126: recipe for target 'cmTC_bc0e8/fast' failed
make: *** [cmTC_bc0e8/fast] Error 2


