Determining if the pthread_create exist failed with the following output:
Change Dir: /home/rishabh/catkin_ws/build/mocap_optitrack/CMakeFiles/CMakeTmp

Run Build Command:"/usr/bin/make" "cmTC_e266d/fast"
/usr/bin/make -f CMakeFiles/cmTC_e266d.dir/build.make CMakeFiles/cmTC_e266d.dir/build
make[1]: Entering directory '/home/rishabh/catkin_ws/build/mocap_optitrack/CMakeFiles/CMakeTmp'
Building C object CMakeFiles/cmTC_e266d.dir/CheckSymbolExists.c.o
/usr/bin/cc    -o CMakeFiles/cmTC_e266d.dir/CheckSymbolExists.c.o   -c /home/rishabh/catkin_ws/build/mocap_optitrack/CMakeFiles/CMakeTmp/CheckSymbolExists.c
Linking C executable cmTC_e266d
/usr/bin/cmake -E cmake_link_script CMakeFiles/cmTC_e266d.dir/link.txt --verbose=1
/usr/bin/cc      -rdynamic CMakeFiles/cmTC_e266d.dir/CheckSymbolExists.c.o  -o cmTC_e266d 
CMakeFiles/cmTC_e266d.dir/CheckSymbolExists.c.o: In function `main':
CheckSymbolExists.c:(.text+0x1b): undefined reference to `pthread_create'
collect2: error: ld returned 1 exit status
CMakeFiles/cmTC_e266d.dir/build.make:97: recipe for target 'cmTC_e266d' failed
make[1]: *** [cmTC_e266d] Error 1
make[1]: Leaving directory '/home/rishabh/catkin_ws/build/mocap_optitrack/CMakeFiles/CMakeTmp'
Makefile:126: recipe for target 'cmTC_e266d/fast' failed
make: *** [cmTC_e266d/fast] Error 2

File /home/rishabh/catkin_ws/build/mocap_optitrack/CMakeFiles/CMakeTmp/CheckSymbolExists.c:
/* */
#include <pthread.h>

int main(int argc, char** argv)
{
  (void)argv;
#ifndef pthread_create
  return ((int*)(&pthread_create))[argc];
#else
  (void)argc;
  return 0;
#endif
}

Determining if the function pthread_create exists in the pthreads failed with the following output:
Change Dir: /home/rishabh/catkin_ws/build/mocap_optitrack/CMakeFiles/CMakeTmp

Run Build Command:"/usr/bin/make" "cmTC_5657d/fast"
/usr/bin/make -f CMakeFiles/cmTC_5657d.dir/build.make CMakeFiles/cmTC_5657d.dir/build
make[1]: Entering directory '/home/rishabh/catkin_ws/build/mocap_optitrack/CMakeFiles/CMakeTmp'
Building C object CMakeFiles/cmTC_5657d.dir/CheckFunctionExists.c.o
/usr/bin/cc   -DCHECK_FUNCTION_EXISTS=pthread_create   -o CMakeFiles/cmTC_5657d.dir/CheckFunctionExists.c.o   -c /usr/share/cmake-3.10/Modules/CheckFunctionExists.c
Linking C executable cmTC_5657d
/usr/bin/cmake -E cmake_link_script CMakeFiles/cmTC_5657d.dir/link.txt --verbose=1
/usr/bin/cc  -DCHECK_FUNCTION_EXISTS=pthread_create    -rdynamic CMakeFiles/cmTC_5657d.dir/CheckFunctionExists.c.o  -o cmTC_5657d -lpthreads 
/usr/bin/ld: cannot find -lpthreads
collect2: error: ld returned 1 exit status
CMakeFiles/cmTC_5657d.dir/build.make:97: recipe for target 'cmTC_5657d' failed
make[1]: *** [cmTC_5657d] Error 1
make[1]: Leaving directory '/home/rishabh/catkin_ws/build/mocap_optitrack/CMakeFiles/CMakeTmp'
Makefile:126: recipe for target 'cmTC_5657d/fast' failed
make: *** [cmTC_5657d/fast] Error 2


