Determining if the pthread_create exist failed with the following output:
Change Dir: /home/rishabh/fastplanner_ws/build/CMakeFiles/CMakeTmp

Run Build Command:"/usr/bin/make" "cmTC_9cb45/fast"
/usr/bin/make -f CMakeFiles/cmTC_9cb45.dir/build.make CMakeFiles/cmTC_9cb45.dir/build
make[1]: Entering directory '/home/rishabh/fastplanner_ws/build/CMakeFiles/CMakeTmp'
Building C object CMakeFiles/cmTC_9cb45.dir/CheckSymbolExists.c.o
/usr/bin/cc    -o CMakeFiles/cmTC_9cb45.dir/CheckSymbolExists.c.o   -c /home/rishabh/fastplanner_ws/build/CMakeFiles/CMakeTmp/CheckSymbolExists.c
Linking C executable cmTC_9cb45
/usr/bin/cmake -E cmake_link_script CMakeFiles/cmTC_9cb45.dir/link.txt --verbose=1
/usr/bin/cc      -rdynamic CMakeFiles/cmTC_9cb45.dir/CheckSymbolExists.c.o  -o cmTC_9cb45 
CMakeFiles/cmTC_9cb45.dir/CheckSymbolExists.c.o: In function `main':
CheckSymbolExists.c:(.text+0x1b): undefined reference to `pthread_create'
collect2: error: ld returned 1 exit status
CMakeFiles/cmTC_9cb45.dir/build.make:97: recipe for target 'cmTC_9cb45' failed
make[1]: *** [cmTC_9cb45] Error 1
make[1]: Leaving directory '/home/rishabh/fastplanner_ws/build/CMakeFiles/CMakeTmp'
Makefile:126: recipe for target 'cmTC_9cb45/fast' failed
make: *** [cmTC_9cb45/fast] Error 2

File /home/rishabh/fastplanner_ws/build/CMakeFiles/CMakeTmp/CheckSymbolExists.c:
/* */
#include <pthread.h>

int main(int argc, char** argv)
{
  (void)argv;
#ifndef pthread_create
  return ((int*)(&pthread_create))[argc];
#else
  (void)argc;
  return 0;
#endif
}

Determining if the function pthread_create exists in the pthreads failed with the following output:
Change Dir: /home/rishabh/fastplanner_ws/build/CMakeFiles/CMakeTmp

Run Build Command:"/usr/bin/make" "cmTC_9be1d/fast"
/usr/bin/make -f CMakeFiles/cmTC_9be1d.dir/build.make CMakeFiles/cmTC_9be1d.dir/build
make[1]: Entering directory '/home/rishabh/fastplanner_ws/build/CMakeFiles/CMakeTmp'
Building C object CMakeFiles/cmTC_9be1d.dir/CheckFunctionExists.c.o
/usr/bin/cc   -DCHECK_FUNCTION_EXISTS=pthread_create   -o CMakeFiles/cmTC_9be1d.dir/CheckFunctionExists.c.o   -c /usr/share/cmake-3.10/Modules/CheckFunctionExists.c
Linking C executable cmTC_9be1d
/usr/bin/cmake -E cmake_link_script CMakeFiles/cmTC_9be1d.dir/link.txt --verbose=1
/usr/bin/cc  -DCHECK_FUNCTION_EXISTS=pthread_create    -rdynamic CMakeFiles/cmTC_9be1d.dir/CheckFunctionExists.c.o  -o cmTC_9be1d -lpthreads 
/usr/bin/ld: cannot find -lpthreads
collect2: error: ld returned 1 exit status
CMakeFiles/cmTC_9be1d.dir/build.make:97: recipe for target 'cmTC_9be1d' failed
make[1]: *** [cmTC_9be1d] Error 1
make[1]: Leaving directory '/home/rishabh/fastplanner_ws/build/CMakeFiles/CMakeTmp'
Makefile:126: recipe for target 'cmTC_9be1d/fast' failed
make: *** [cmTC_9be1d/fast] Error 2


