[  0%] Built target _geographic_msgs_generate_messages_check_deps_GetRoutePlan
[  0%] Built target _geographic_msgs_generate_messages_check_deps_GeoPoseStamped
[  0%] Built target _geographic_msgs_generate_messages_check_deps_GeoPose
[  0%] Built target _geographic_msgs_generate_messages_check_deps_RoutePath
[  0%] Built target std_msgs_generate_messages_py
[  0%] Built target geometry_msgs_generate_messages_py
[  0%] Built target _geographic_msgs_generate_messages_check_deps_UpdateGeographicMap
[  0%] Built target _geographic_msgs_generate_messages_check_deps_GetGeographicMap
[  0%] Built target _geographic_msgs_generate_messages_check_deps_WayPoint
[  0%] Built target uuid_msgs_generate_messages_py
[  0%] Built target _geographic_msgs_generate_messages_check_deps_GeoPath
[  0%] Built target _geographic_msgs_generate_messages_check_deps_MapFeature
[  0%] Built target _geographic_msgs_generate_messages_check_deps_GeographicMap
[  0%] Built target _geographic_msgs_generate_messages_check_deps_RouteSegment
[  0%] Built target _geographic_msgs_generate_messages_check_deps_GeoPoint
[  0%] Built target _geographic_msgs_generate_messages_check_deps_GeographicMapChanges
[  0%] Built target _geographic_msgs_generate_messages_check_deps_GetGeoPath
[  0%] Built target _geographic_msgs_generate_messages_check_deps_RouteNetwork
[  0%] Built target _geographic_msgs_generate_messages_check_deps_BoundingBox
[  0%] Built target _geographic_msgs_generate_messages_check_deps_GeoPointStamped
[  0%] Built target _geographic_msgs_generate_messages_check_deps_KeyValue
[  0%] Built target std_msgs_generate_messages_nodejs
[  0%] Built target uuid_msgs_generate_messages_nodejs
[  0%] Built target geometry_msgs_generate_messages_nodejs
[  0%] Built target geometry_msgs_generate_messages_lisp
[  0%] Built target uuid_msgs_generate_messages_lisp
[  0%] Built target std_msgs_generate_messages_lisp
[  0%] Built target std_msgs_generate_messages_eus
[  0%] Built target geometry_msgs_generate_messages_eus
[  0%] Built target uuid_msgs_generate_messages_eus
[  0%] Built target uuid_msgs_generate_messages_cpp
[  0%] Built target geometry_msgs_generate_messages_cpp
[  0%] Built target std_msgs_generate_messages_cpp
[  0%] [34m[1mGenerating Python from MSG geographic_msgs/GeoPath[0m
[  1%] [34m[1mGenerating Python from MSG geographic_msgs/GeoPoseStamped[0m
[  2%] [34m[1mGenerating Python from MSG geographic_msgs/GeoPose[0m
[  3%] [34m[1mGenerating Python code from SRV geographic_msgs/GetGeoPath[0m
[  4%] [34m[1mGenerating Python msg __init__.py for geographic_msgs[0m
[  5%] [34m[1mGenerating Python srv __init__.py for geographic_msgs[0m
[ 21%] Built target geographic_msgs_generate_messages_py
[ 22%] [34m[1mGenerating Javascript code from geographic_msgs/GeoPath.msg[0m
[ 23%] [34m[1mGenerating Javascript code from geographic_msgs/GeoPoseStamped.msg[0m
[ 24%] [34m[1mGenerating Javascript code from geographic_msgs/GeoPose.msg[0m
[ 25%] [34m[1mGenerating Javascript code from geographic_msgs/GetGeoPath.srv[0m
[ 41%] Built target geographic_msgs_generate_messages_nodejs
[ 42%] [34m[1mGenerating Lisp code from geographic_msgs/GeoPath.msg[0m
[ 43%] [34m[1mGenerating Lisp code from geographic_msgs/GeoPoseStamped.msg[0m
[ 44%] [34m[1mGenerating Lisp code from geographic_msgs/GeoPose.msg[0m
[ 46%] [34m[1mGenerating Lisp code from geographic_msgs/GetGeoPath.srv[0m
[ 60%] Built target geographic_msgs_generate_messages_lisp
[ 61%] [34m[1mGenerating EusLisp code from geographic_msgs/GeoPath.msg[0m
[ 61%] [34m[1mGenerating EusLisp code from geographic_msgs/GeoPoseStamped.msg[0m
[ 62%] [34m[1mGenerating EusLisp code from geographic_msgs/GeoPose.msg[0m
[ 64%] [34m[1mGenerating EusLisp code from geographic_msgs/GetGeoPath.srv[0m
[ 80%] Built target geographic_msgs_generate_messages_eus
[ 82%] [34m[1mGenerating C++ code from geographic_msgs/GeoPath.msg[0m
[ 83%] [34m[1mGenerating C++ code from geographic_msgs/GeoPoseStamped.msg[0m
[ 84%] [34m[1mGenerating C++ code from geographic_msgs/GeoPose.msg[0m
[ 85%] [34m[1mGenerating C++ code from geographic_msgs/GetGeoPath.srv[0m
[100%] Built target geographic_msgs_generate_messages_cpp
[100%] Built target geographic_msgs_generate_messages
