[  0%] Built target _geographic_msgs_generate_messages_check_deps_GetRoutePlan
[  0%] Built target _geographic_msgs_generate_messages_check_deps_GeoPoseStamped
[  0%] Built target _geographic_msgs_generate_messages_check_deps_GeoPose
[  0%] Built target _geographic_msgs_generate_messages_check_deps_RoutePath
[  0%] Built target std_msgs_generate_messages_py
[  0%] Built target geometry_msgs_generate_messages_py
[  0%] Built target _geographic_msgs_generate_messages_check_deps_GetGeographicMap
[  0%] Built target _geographic_msgs_generate_messages_check_deps_UpdateGeographicMap
[  0%] Built target _geographic_msgs_generate_messages_check_deps_WayPoint
[  0%] Built target uuid_msgs_generate_messages_py
[  0%] Built target _geographic_msgs_generate_messages_check_deps_GeoPath
[  0%] Built target _geographic_msgs_generate_messages_check_deps_MapFeature
[  0%] Built target _geographic_msgs_generate_messages_check_deps_GeographicMap
[  0%] Built target _geographic_msgs_generate_messages_check_deps_RouteSegment
[  0%] Built target _geographic_msgs_generate_messages_check_deps_GeographicMapChanges
[  0%] Built target _geographic_msgs_generate_messages_check_deps_GeoPoint
[  0%] Built target _geographic_msgs_generate_messages_check_deps_GetGeoPath
[  0%] Built target _geographic_msgs_generate_messages_check_deps_RouteNetwork
[  0%] Built target _geographic_msgs_generate_messages_check_deps_BoundingBox
[  0%] Built target _geographic_msgs_generate_messages_check_deps_GeoPointStamped
[  0%] Built target std_msgs_generate_messages_nodejs
[  0%] Built target uuid_msgs_generate_messages_nodejs
[  0%] Built target _geographic_msgs_generate_messages_check_deps_KeyValue
[  0%] Built target geometry_msgs_generate_messages_nodejs
[  0%] Built target geometry_msgs_generate_messages_lisp
[  0%] Built target uuid_msgs_generate_messages_lisp
[  0%] Built target std_msgs_generate_messages_lisp
[  0%] Built target std_msgs_generate_messages_eus
[  0%] Built target geometry_msgs_generate_messages_eus
[  0%] Built target uuid_msgs_generate_messages_eus
[  0%] Built target uuid_msgs_generate_messages_cpp
[  0%] Built target geometry_msgs_generate_messages_cpp
[  0%] Built target std_msgs_generate_messages_cpp
[ 21%] Built target geographic_msgs_generate_messages_nodejs
[ 41%] Built target geographic_msgs_generate_messages_py
[ 60%] Built target geographic_msgs_generate_messages_lisp
[ 80%] Built target geographic_msgs_generate_messages_eus
[100%] Built target geographic_msgs_generate_messages_cpp
[100%] Built target geographic_msgs_generate_messages
